#
# A fatal error has been detected by the Java Runtime Environment:
#
#  SIGSEGV (0xb) at pc=0x0000000000000000, pid=1913, tid=2260
#
# JRE version: OpenJDK Runtime Environment Temurin-17.0.5+8 (17.0.5+8) (build 17.0.5+8)
# Java VM: OpenJDK 64-Bit Server VM Temurin-17.0.5+8 (17.0.5+8, mixed mode, tiered, compressed oops, compressed class ptrs, parallel gc, linux-amd64)
# Problematic frame:
# C  0x0000000000000000
#
# Core dump will be written. Default location: Core dumps may be processed with "/sbin/crash_reporter --user=%P:%s:%u:%g:%f" (or dumping to /home/juliapod23/vs.code/Java-22-23/core.1913)
#
# If you would like to submit a bug report, please visit:
#   https://github.com/adoptium/adoptium-support/issues
#

---------------  S U M M A R Y ------------

Command Line: --add-modules=ALL-SYSTEM --add-opens=java.base/java.util=ALL-UNNAMED --add-opens=java.base/java.lang=ALL-UNNAMED --add-opens=java.base/sun.nio.fs=ALL-UNNAMED -Declipse.application=org.eclipse.jdt.ls.core.id1 -Dosgi.bundles.defaultStartLevel=4 -Declipse.product=org.eclipse.jdt.ls.core.product -Djava.import.generatesMetadataFilesAtProjectRoot=false -Dfile.encoding=utf8 -XX:+UseParallelGC -XX:GCTimeRatio=4 -XX:AdaptiveSizePolicyWeight=90 -Dsun.zip.disableMemoryMapping=true -Xmx1G -Xms100m -Xlog:disable -javaagent:/home/juliapod23/.vscode/extensions/redhat.java-1.13.0-linux-x64/lombok/lombok-1.18.24.jar -XX:+HeapDumpOnOutOfMemoryError -XX:HeapDumpPath=/home/juliapod23/.config/Code/User/workspaceStorage/3f260cc9c3aa8b1bb48e4709bbff68ce/redhat.java /home/juliapod23/.vscode/extensions/redhat.java-1.13.0-linux-x64/server/plugins/org.eclipse.equinox.launcher_1.6.400.v20210924-0641.jar -configuration /home/juliapod23/.config/Code/User/globalStorage/redhat.java/1.13.0/config_linux -data /home/juliapod23/.config/Code/User/workspaceStorage/3f260cc9c3aa8b1bb48e4709bbff68ce/redhat.java/jdt_ws

Host: Intel(R) Celeron(R) CPU  N3160  @ 1.60GHz, 4 cores, 2G, Debian GNU/Linux 11 (bullseye)
Time: Thu Dec  8 15:13:58 2022 CST elapsed time: 318.174632 seconds (0d 0h 5m 18s)

---------------  T H R E A D  ---------------

Current thread (0x00007d3d20041160):  JavaThread "Worker-5: Compacting resource model" [_thread_in_vm, id=2260, stack(0x00007d3d2e1fe000,0x00007d3d2e2ff000)]

Stack: [0x00007d3d2e1fe000,0x00007d3d2e2ff000],  sp=0x00007d3d2e2fbf18,  free space=1015k
Java frames: (J=compiled Java code, j=interpreted, Vv=VM code)
J 1037  java.lang.ClassLoader.findBootstrapClass(Ljava/lang/String;)Ljava/lang/Class; java.base@17.0.5 (0 bytes) @ 0x00007d3da5f13a8f [0x00007d3da5f13a40+0x000000000000004f]
J 911 c1 jdk.internal.loader.ClassLoaders$BootClassLoader.loadClassOrNull(Ljava/lang/String;Z)Ljava/lang/Class; java.base@17.0.5 (10 bytes) @ 0x00007d3d9eaf384c [0x00007d3d9eaf36e0+0x000000000000016c]
J 883 c1 jdk.internal.loader.BuiltinClassLoader.loadClassOrNull(Ljava/lang/String;Z)Ljava/lang/Class; java.base@17.0.5 (143 bytes) @ 0x00007d3d9eae4afc [0x00007d3d9eae40c0+0x0000000000000a3c]
J 892 c1 jdk.internal.loader.BuiltinClassLoader.loadClass(Ljava/lang/String;Z)Ljava/lang/Class; java.base@17.0.5 (22 bytes) @ 0x00007d3d9eae9f44 [0x00007d3d9eae9e40+0x0000000000000104]
J 820 c1 java.lang.ClassLoader.loadClass(Ljava/lang/String;)Ljava/lang/Class; java.base@17.0.5 (7 bytes) @ 0x00007d3d9eacd93c [0x00007d3d9eacd840+0x00000000000000fc]
J 2967 c1 org.eclipse.osgi.internal.loader.BundleLoader.findClass0(Ljava/lang/String;ZZ)Ljava/lang/Class; (466 bytes) @ 0x00007d3d9ef5cf64 [0x00007d3d9ef5a0a0+0x0000000000002ec4]
J 2165 c1 org.eclipse.osgi.internal.loader.BundleLoader.findClass(Ljava/lang/String;)Ljava/lang/Class; (8 bytes) @ 0x00007d3d9ed7c044 [0x00007d3d9ed7bfc0+0x0000000000000084]
J 2203 c1 org.eclipse.osgi.internal.loader.ModuleClassLoader.loadClass(Ljava/lang/String;Z)Ljava/lang/Class; (36 bytes) @ 0x00007d3d9ed92bbc [0x00007d3d9ed929a0+0x000000000000021c]
J 820 c1 java.lang.ClassLoader.loadClass(Ljava/lang/String;)Ljava/lang/Class; java.base@17.0.5 (7 bytes) @ 0x00007d3d9eacd93c [0x00007d3d9eacd840+0x00000000000000fc]
v  ~StubRoutines::call_stub
j  org.eclipse.core.internal.utils.StringPoolJob.run(Lorg/eclipse/core/runtime/IProgressMonitor;)Lorg/eclipse/core/runtime/IStatus;+36
j  org.eclipse.core.internal.jobs.Worker.run()V+32
v  ~StubRoutines::call_stub

siginfo: si_signo: 11 (SIGSEGV), si_code: 1 (SEGV_MAPERR), si_addr: 0x0000000000000000

Register to memory mapping:

RAX=0x00007d3db5cac350: <offset 0x0000000001206350> in /home/juliapod23/.vscode/extensions/redhat.java-1.13.0-linux-x64/jre/17.0.5-linux-x86_64/lib/server/libjvm.so at 0x00007d3db4aa6000
RBX=0x00007d3d2e2fc080 is pointing into the stack for thread: 0x00007d3d20041160
RCX=0x00007d3d2e2fc080 is pointing into the stack for thread: 0x00007d3d20041160
RDX=0x00007d3d2e2fbf60 is pointing into the stack for thread: 0x00007d3d20041160
RSP=0x00007d3d2e2fbf18 is pointing into the stack for thread: 0x00007d3d20041160
RBP=0x00007d3d2e2fc020 is pointing into the stack for thread: 0x00007d3d20041160
RSI=0x00007d3d2e2fbf60 is pointing into the stack for thread: 0x00007d3d20041160
RDI=0x00007d3d2e2fc080 is pointing into the stack for thread: 0x00007d3d20041160
R8 =0x00007d3d20041160 is a thread
R9 =0x00007d3db036b528 points into unknown readable memory: 0x00000000c024c8a8 | a8 c8 24 c0 00 00 00 00
R10=0x0000000000000011 is an unknown value
R11=0x00007d3db5d5c4a0: <offset 0x00000000012b64a0> in /home/juliapod23/.vscode/extensions/redhat.java-1.13.0-linux-x64/jre/17.0.5-linux-x86_64/lib/server/libjvm.so at 0x00007d3db4aa6000
R12=0x00007d3d20041160 is a thread
R13=0x00007d3d2e2fc030 is pointing into the stack for thread: 0x00007d3d20041160
R14=0x00007d3d7fd83620 points into unknown readable memory: 0x0000000000000000 | 00 00 00 00 00 00 00 00
R15=0x00007d3d20070a00 points into unknown readable memory: 0x00007d3d00000002 | 02 00 00 00 3d 7d 00 00


Registers:
RAX=0x00007d3db5cac350, RBX=0x00007d3d2e2fc080, RCX=0x00007d3d2e2fc080, RDX=0x00007d3d2e2fbf60
RSP=0x00007d3d2e2fbf18, RBP=0x00007d3d2e2fc020, RSI=0x00007d3d2e2fbf60, RDI=0x00007d3d2e2fc080
R8 =0x00007d3d20041160, R9 =0x00007d3db036b528, R10=0x0000000000000011, R11=0x00007d3db5d5c4a0
R12=0x00007d3d20041160, R13=0x00007d3d2e2fc030, R14=0x00007d3d7fd83620, R15=0x00007d3d20070a00
RIP=0x0000000000000000, EFLAGS=0x0000000000010246, CSGSFS=0x002b000000000033, ERR=0x0000000000000014
  TRAPNO=0x000000000000000e

Top of Stack: (sp=0x00007d3d2e2fbf18)
0x00007d3d2e2fbf18:   00007d3db535b28e 0000000200000000
0x00007d3d2e2fbf28:   0000000000000d68 00000000000083b0
0x00007d3d2e2fbf38:   00007d3d7fd8b608 00007d3d7fd84610
0x00007d3d2e2fbf48:   00007d3d2e2fbf60 00007d3d97bf86b0 

Instructions: (pc=0x0000000000000000)
0xffffffffffffff00:   


Stack slot to memory mapping:
stack at sp + 0 slots: 0x00007d3db535b28e: <offset 0x00000000008b528e> in /home/juliapod23/.vscode/extensions/redhat.java-1.13.0-linux-x64/jre/17.0.5-linux-x86_64/lib/server/libjvm.so at 0x00007d3db4aa6000
stack at sp + 1 slots: 0x0000000200000000 is an unknown value
stack at sp + 2 slots: 0x0000000000000d68 is an unknown value
stack at sp + 3 slots: 0x00000000000083b0 is an unknown value
stack at sp + 4 slots: 0x00007d3d7fd8b608 points into unknown readable memory: 0x0000000000270121 | 21 01 27 00 00 00 00 00
stack at sp + 5 slots: 0x00007d3d7fd84610 points into unknown readable memory: 0x00007d3d7038e6bc | bc e6 38 70 3d 7d 00 00
stack at sp + 6 slots: 0x00007d3d2e2fbf60 is pointing into the stack for thread: 0x00007d3d20041160
stack at sp + 7 slots: {method} {0x00007d3d97bf86b0} 'transform' '(Ljava/lang/Module;Ljava/lang/ClassLoader;Ljava/lang/String;Ljava/lang/Class;Ljava/security/ProtectionDomain;[BZ)[B' in 'sun/instrument/InstrumentationImpl'


---------------  P R O C E S S  ---------------

Threads class SMR info:
_java_thread_list=0x00007d3d60000fc0, length=24, elements={
0x00007d3db0028260, 0x00007d3db0162900, 0x00007d3db0163e70, 0x00007d3db018b5f0,
0x00007d3db018eee0, 0x00007d3db018fe50, 0x00007d3db01914a0, 0x00007d3db0192950,
0x00007d3db0193d90, 0x00007d3db0221770, 0x00007d3db031e9a0, 0x00007d3db051bf80,
0x00007d3db05524d0, 0x00007d3db0553970, 0x00007d3db07b8f80, 0x00007d3d3c01d010,
0x00007d3d3c2d7ba0, 0x00007d3d3c384d20, 0x00007d3d3c4d3bc0, 0x00007d3d3c705580,
0x00007d3db05a9100, 0x00007d3db05e06c0, 0x00007d3d20041160, 0x00007d3d80000e70
}

Java Threads: ( => current thread )
  0x00007d3db0028260 JavaThread "main" [_thread_blocked, id=1914, stack(0x00007d3db4857000,0x00007d3db4958000)]
  0x00007d3db0162900 JavaThread "Reference Handler" daemon [_thread_blocked, id=1921, stack(0x00007d3d967ef000,0x00007d3d968f0000)]
  0x00007d3db0163e70 JavaThread "Finalizer" daemon [_thread_blocked, id=1922, stack(0x00007d3d966ee000,0x00007d3d967ef000)]
  0x00007d3db018b5f0 JavaThread "Signal Dispatcher" daemon [_thread_blocked, id=1923, stack(0x00007d3d96306000,0x00007d3d96407000)]
  0x00007d3db018eee0 JavaThread "Service Thread" daemon [_thread_blocked, id=1924, stack(0x00007d3d96205000,0x00007d3d96306000)]
  0x00007d3db018fe50 JavaThread "Monitor Deflation Thread" daemon [_thread_blocked, id=1925, stack(0x00007d3d96104000,0x00007d3d96205000)]
  0x00007d3db01914a0 JavaThread "C2 CompilerThread0" daemon [_thread_blocked, id=1926, stack(0x00007d3d96003000,0x00007d3d96104000)]
  0x00007d3db0192950 JavaThread "C1 CompilerThread0" daemon [_thread_blocked, id=1927, stack(0x00007d3d95f02000,0x00007d3d96003000)]
  0x00007d3db0193d90 JavaThread "Sweeper thread" daemon [_thread_blocked, id=1928, stack(0x00007d3d95e01000,0x00007d3d95f02000)]
  0x00007d3db0221770 JavaThread "Common-Cleaner" daemon [_thread_blocked, id=1929, stack(0x00007d3d95d00000,0x00007d3d95e01000)]
  0x00007d3db031e9a0 JavaThread "Notification Thread" daemon [_thread_blocked, id=1932, stack(0x00007d3d95bff000,0x00007d3d95d00000)]
  0x00007d3db051bf80 JavaThread "Active Thread: Equinox Container: bbe761e2-603a-4ea4-a1bc-4c2cd483ffd6" [_thread_blocked, id=1970, stack(0x00007d3d949f9000,0x00007d3d94afa000)]
  0x00007d3db05524d0 JavaThread "Framework Event Dispatcher: Equinox Container: bbe761e2-603a-4ea4-a1bc-4c2cd483ffd6" daemon [_thread_blocked, id=1975, stack(0x00007d3d948f8000,0x00007d3d949f9000)]
  0x00007d3db0553970 JavaThread "Start Level: Equinox Container: bbe761e2-603a-4ea4-a1bc-4c2cd483ffd6" daemon [_thread_blocked, id=1976, stack(0x00007d3d947f7000,0x00007d3d948f8000)]
  0x00007d3db07b8f80 JavaThread "Refresh Thread: Equinox Container: bbe761e2-603a-4ea4-a1bc-4c2cd483ffd6" daemon [_thread_blocked, id=1980, stack(0x00007d3d946f6000,0x00007d3d947f7000)]
  0x00007d3d3c01d010 JavaThread "SCR Component Actor" daemon [_thread_blocked, id=1982, stack(0x00007d3d943e3000,0x00007d3d944e4000)]
  0x00007d3d3c2d7ba0 JavaThread "Worker-JM" [_thread_blocked, id=2119, stack(0x00007d3d941e1000,0x00007d3d942e2000)]
  0x00007d3d3c384d20 JavaThread "Worker-0" [_thread_blocked, id=2129, stack(0x00007d3d940e0000,0x00007d3d941e1000)]
  0x00007d3d3c4d3bc0 JavaThread "Bundle File Closer" daemon [_thread_blocked, id=2143, stack(0x00007d3d2f5fe000,0x00007d3d2f6ff000)]
  0x00007d3d3c705580 JavaThread "Java indexing" daemon [_thread_blocked, id=2153, stack(0x00007d3d94dfd000,0x00007d3d94efe000)]
  0x00007d3db05a9100 JavaThread "pool-2-thread-1" [_thread_blocked, id=2157, stack(0x00007d3d942e2000,0x00007d3d943e3000)]
  0x00007d3db05e06c0 JavaThread "pool-1-thread-1" [_thread_blocked, id=2179, stack(0x00007d3d2f4fd000,0x00007d3d2f5fe000)]
=>0x00007d3d20041160 JavaThread "Worker-5: Compacting resource model" [_thread_in_vm, id=2260, stack(0x00007d3d2e1fe000,0x00007d3d2e2ff000)]
  0x00007d3d80000e70 JavaThread "Attach Listener" daemon [_thread_blocked, id=2325, stack(0x00007d3d2caff000,0x00007d3d2cc00000)]

Other Threads:
  0x00007d3db0152c90 VMThread "VM Thread" [stack: 0x00007d3d968f2000,0x00007d3d969f2000] [id=1917]
  0x00007d3db0072320 WatcherThread [stack: 0x00007d3d95aff000,0x00007d3d95bff000] [id=1933]
  0x00007d3db003ef80 GCTaskThread "GC Thread#0" [stack: 0x00007d3db430f000,0x00007d3db440f000] [id=1916]
  0x00007d3d90001090 GCTaskThread "GC Thread#1" [stack: 0x00007d3d959fd000,0x00007d3d95afd000] [id=1940]
  0x00007d3d90002ae0 GCTaskThread "GC Thread#2" [stack: 0x00007d3d958fb000,0x00007d3d959fb000] [id=1941]
  0x00007d3d900034e0 GCTaskThread "GC Thread#3" [stack: 0x00007d3d94f00000,0x00007d3d95000000] [id=1942]

Threads with active compile tasks:

VM state: not at safepoint (normal execution)

VM Mutex/Monitor currently owned by a thread: None

Heap address: 0x00000000c0000000, size: 1024 MB, Compressed Oops mode: 32-bit

CDS archive(s) not mapped
Compressed class space mapped at: 0x0000000100000000-0x0000000140000000, reserved size: 1073741824
Narrow klass base: 0x0000000000000000, Narrow klass shift: 3, Narrow klass range: 0x140000000

GC Precious Log:
 CPUs: 4 total, 4 available
 Memory: 2835M
 Large Page Support: Disabled
 NUMA Support: Disabled
 Compressed Oops: Enabled (32-bit)
 Alignments: Space 512K, Generation 512K, Heap 2M
 Heap Min Capacity: 100M
 Heap Initial Capacity: 100M
 Heap Max Capacity: 1G
 Pre-touch: Disabled
 Parallel Workers: 4

Heap:

[error occurred during error reporting (printing heap information), id 0xb, SIGSEGV (0xb) at pc=0x0000000000000000]

Metaspace:

Usage:
  Non-class:     56.54 MB used.
      Class:      6.72 MB used.
       Both:     63.26 MB used.

Virtual space:
  Non-class space:       64.00 MB reserved,      57.12 MB ( 89%) committed,  8 nodes.
      Class space:        1.00 GB reserved,       7.12 MB ( <1%) committed,  1 nodes.
             Both:        1.06 GB reserved,      64.25 MB (  6%) committed. 

Chunk freelists:
   Non-Class:  2.36 MB
       Class:  944.00 KB
        Both:  3.28 MB

MaxMetaspaceSize: unlimited
CompressedClassSpaceSize: 1.00 GB
Initial GC threshold: 21.00 MB
Current GC threshold: 106.38 MB
CDS: off
MetaspaceReclaimPolicy: balanced
 - commit_granule_bytes: 65536.
 - commit_granule_words: 8192.
 - virtual_space_node_default_size: 1048576.
 - enlarge_chunks_in_place: 1.
 - new_chunks_are_fully_committed: 0.
 - uncommit_free_chunks: 1.
 - use_allocation_guard: 0.
 - handle_deallocations: 1.


Internal statistics:

num_allocs_failed_limit: 6.
num_arena_births: 424.
num_arena_deaths: 14.
num_vsnodes_births: 9.
num_vsnodes_deaths: 0.
num_space_committed: 1028.
num_space_uncommitted: 0.
num_chunks_returned_to_freelist: 20.
num_chunks_taken_from_freelist: 2849.
num_chunk_merges: 7.
num_chunk_splits: 1772.
num_chunks_enlarged: 1027.
num_purges: 2.
num_inconsistent_stats: 0.

CodeHeap 'non-profiled nmethods': size=120032Kb used=3063Kb max_used=3291Kb free=116968Kb
 bounds [0x00007d3da5eb6000, 0x00007d3da61f6000, 0x00007d3dad3ee000]
CodeHeap 'profiled nmethods': size=120028Kb used=14633Kb max_used=16996Kb free=105394Kb
 bounds [0x00007d3d9e97f000, 0x00007d3d9fa1f000, 0x00007d3da5eb6000]
CodeHeap 'non-nmethods': size=5700Kb used=1351Kb max_used=1409Kb free=4349Kb
 bounds [0x00007d3d9e3ee000, 0x00007d3d9e65e000, 0x00007d3d9e97f000]
 total_blobs=7797 nmethods=7099 adapters=613
 compilation: enabled
              stopped_count=0, restarted_count=0
 full_count=0

Compilation events (20 events):
Event: 129.337 Thread 0x00007d3db01914a0 9200       4       org.eclipse.jdt.internal.compiler.parser.Parser::consumeToken (2309 bytes)
Event: 131.163 Thread 0x00007d3db01914a0 nmethod 9200 0x00007d3da60bab10 code [0x00007d3da60bb5e0, 0x00007d3da60c1c08]
Event: 131.164 Thread 0x00007d3db01914a0 9224       4       lombok.core.LombokImmutableList$1::next (43 bytes)
Event: 131.167 Thread 0x00007d3db01914a0 nmethod 9224 0x00007d3da614e990 code [0x00007d3da614eb20, 0x00007d3da614ebf8]
Event: 131.167 Thread 0x00007d3db01914a0 9199       4       org.eclipse.jdt.internal.compiler.parser.Scanner::mayBeAtCasePattern (41 bytes)
Event: 131.198 Thread 0x00007d3db01914a0 nmethod 9199 0x00007d3da618b190 code [0x00007d3da618b340, 0x00007d3da618b9b8]
Event: 131.198 Thread 0x00007d3db01914a0 9234       4       java.util.ArrayDeque::addFirst (51 bytes)
Event: 131.202 Thread 0x00007d3db01914a0 nmethod 9234 0x00007d3da60ba710 code [0x00007d3da60ba8a0, 0x00007d3da60ba9f8]
Event: 131.202 Thread 0x00007d3db01914a0 9206       4       java.lang.reflect.Field::getFieldAccessor (35 bytes)
Event: 131.215 Thread 0x00007d3db01914a0 nmethod 9206 0x00007d3da60ba010 code [0x00007d3da60ba1c0, 0x00007d3da60ba498]
Event: 131.215 Thread 0x00007d3db01914a0 9342       4       lombok.core.AST::setAndGetAsHandled (18 bytes)
Event: 131.253 Thread 0x00007d3db01914a0 nmethod 9342 0x00007d3da60b8e10 code [0x00007d3da60b9000, 0x00007d3da60b9988]
Event: 131.253 Thread 0x00007d3db01914a0 9348       4       lombok.eclipse.EclipseNode::<init> (14 bytes)
Event: 131.289 Thread 0x00007d3db01914a0 nmethod 9348 0x00007d3da60b7e10 code [0x00007d3da60b7fe0, 0x00007d3da60b8758]
Event: 131.289 Thread 0x00007d3db01914a0 9349       4       lombok.core.AST::putInMap (35 bytes)
Event: 131.378 Thread 0x00007d3db01914a0 nmethod 9349 0x00007d3da6138e90 code [0x00007d3da61390e0, 0x00007d3da613a310]
Event: 131.378 Thread 0x00007d3db01914a0 9240       4       lombok.eclipse.EclipseASTAdapter::visitLocal (1 bytes)
Event: 131.379 Thread 0x00007d3db01914a0 nmethod 9240 0x00007d3da618ae10 code [0x00007d3da618af80, 0x00007d3da618aff8]
Event: 131.379 Thread 0x00007d3db01914a0 9347       4       org.eclipse.jdt.core.search.SearchDocument::addIndexEntry (21 bytes)
Event: 131.560 Thread 0x00007d3db01914a0 nmethod 9347 0x00007d3da6135c10 code [0x00007d3da6135ec0, 0x00007d3da6137c30]

GC Heap History (20 events):
Event: 112.371 GC heap before
{Heap before GC invocations=233 (full 11):
 PSYoungGen      total 12288K, used 12056K [0x00000000eab00000, 0x00000000eb980000, 0x0000000100000000)
  eden space 9728K, 98% used [0x00000000eab00000,0x00000000eb455098,0x00000000eb480000)
  from space 2560K, 97% used [0x00000000eb700000,0x00000000eb971208,0x00000000eb980000)
  to   space 2560K, 0% used [0x00000000eb480000,0x00000000eb480000,0x00000000eb700000)
 ParOldGen       total 333312K, used 305219K [0x00000000c0000000, 0x00000000d4580000, 0x00000000eab00000)
  object space 333312K, 91% used [0x00000000c0000000,0x00000000d2a10fa8,0x00000000d4580000)
 Metaspace       used 64532K, committed 65472K, reserved 1114112K
  class space    used 6871K, committed 7232K, reserved 1048576K
}
Event: 112.416 GC heap after
{Heap after GC invocations=233 (full 11):
 PSYoungGen      total 12288K, used 2559K [0x00000000eab00000, 0x00000000ec980000, 0x0000000100000000)
  eden space 9728K, 0% used [0x00000000eab00000,0x00000000eab00000,0x00000000eb480000)
  from space 2560K, 99% used [0x00000000eb480000,0x00000000eb6fffa0,0x00000000eb700000)
  to   space 10240K, 0% used [0x00000000ebf80000,0x00000000ebf80000,0x00000000ec980000)
 ParOldGen       total 333312K, used 311630K [0x00000000c0000000, 0x00000000d4580000, 0x00000000eab00000)
  object space 333312K, 93% used [0x00000000c0000000,0x00000000d3053b98,0x00000000d4580000)
 Metaspace       used 64532K, committed 65472K, reserved 1114112K
  class space    used 6871K, committed 7232K, reserved 1048576K
}
Event: 113.209 GC heap before
{Heap before GC invocations=234 (full 11):
 PSYoungGen      total 12288K, used 12164K [0x00000000eab00000, 0x00000000ec980000, 0x0000000100000000)
  eden space 9728K, 98% used [0x00000000eab00000,0x00000000eb461078,0x00000000eb480000)
  from space 2560K, 99% used [0x00000000eb480000,0x00000000eb6fffa0,0x00000000eb700000)
  to   space 10240K, 0% used [0x00000000ebf80000,0x00000000ebf80000,0x00000000ec980000)
 ParOldGen       total 333312K, used 311630K [0x00000000c0000000, 0x00000000d4580000, 0x00000000eab00000)
  object space 333312K, 93% used [0x00000000c0000000,0x00000000d3053b98,0x00000000d4580000)
 Metaspace       used 64532K, committed 65472K, reserved 1114112K
  class space    used 6871K, committed 7232K, reserved 1048576K
}
Event: 113.302 GC heap after
{Heap after GC invocations=234 (full 11):
 PSYoungGen      total 20992K, used 9375K [0x00000000eab00000, 0x00000000ec980000, 0x0000000100000000)
  eden space 10752K, 0% used [0x00000000eab00000,0x00000000eab00000,0x00000000eb580000)
  from space 10240K, 91% used [0x00000000ebf80000,0x00000000ec8a7c00,0x00000000ec980000)
  to   space 10240K, 0% used [0x00000000eb580000,0x00000000eb580000,0x00000000ebf80000)
 ParOldGen       total 333312K, used 313157K [0x00000000c0000000, 0x00000000d4580000, 0x00000000eab00000)
  object space 333312K, 93% used [0x00000000c0000000,0x00000000d31d15e0,0x00000000d4580000)
 Metaspace       used 64532K, committed 65472K, reserved 1114112K
  class space    used 6871K, committed 7232K, reserved 1048576K
}
Event: 115.033 GC heap before
{Heap before GC invocations=235 (full 11):
 PSYoungGen      total 20992K, used 19998K [0x00000000eab00000, 0x00000000ec980000, 0x0000000100000000)
  eden space 10752K, 98% used [0x00000000eab00000,0x00000000eb55fe60,0x00000000eb580000)
  from space 10240K, 91% used [0x00000000ebf80000,0x00000000ec8a7c00,0x00000000ec980000)
  to   space 10240K, 0% used [0x00000000eb580000,0x00000000eb580000,0x00000000ebf80000)
 ParOldGen       total 333312K, used 313157K [0x00000000c0000000, 0x00000000d4580000, 0x00000000eab00000)
  object space 333312K, 93% used [0x00000000c0000000,0x00000000d31d15e0,0x00000000d4580000)
 Metaspace       used 64532K, committed 65472K, reserved 1114112K
  class space    used 6871K, committed 7232K, reserved 1048576K
}
Event: 115.117 GC heap after
{Heap after GC invocations=235 (full 11):
 PSYoungGen      total 20992K, used 10224K [0x00000000eab00000, 0x00000000ee000000, 0x0000000100000000)
  eden space 10752K, 0% used [0x00000000eab00000,0x00000000eab00000,0x00000000eb580000)
  from space 10240K, 99% used [0x00000000eb580000,0x00000000ebf7c0e8,0x00000000ebf80000)
  to   space 20992K, 0% used [0x00000000ecb80000,0x00000000ecb80000,0x00000000ee000000)
 ParOldGen       total 333312K, used 321745K [0x00000000c0000000, 0x00000000d4580000, 0x00000000eab00000)
  object space 333312K, 96% used [0x00000000c0000000,0x00000000d3a34588,0x00000000d4580000)
 Metaspace       used 64532K, committed 65472K, reserved 1114112K
  class space    used 6871K, committed 7232K, reserved 1048576K
}
Event: 116.008 GC heap before
{Heap before GC invocations=236 (full 11):
 PSYoungGen      total 20992K, used 20976K [0x00000000eab00000, 0x00000000ee000000, 0x0000000100000000)
  eden space 10752K, 100% used [0x00000000eab00000,0x00000000eb580000,0x00000000eb580000)
  from space 10240K, 99% used [0x00000000eb580000,0x00000000ebf7c0e8,0x00000000ebf80000)
  to   space 20992K, 0% used [0x00000000ecb80000,0x00000000ecb80000,0x00000000ee000000)
 ParOldGen       total 333312K, used 321745K [0x00000000c0000000, 0x00000000d4580000, 0x00000000eab00000)
  object space 333312K, 96% used [0x00000000c0000000,0x00000000d3a34588,0x00000000d4580000)
 Metaspace       used 64532K, committed 65472K, reserved 1114112K
  class space    used 6871K, committed 7232K, reserved 1048576K
}
Event: 116.089 GC heap after
{Heap after GC invocations=236 (full 11):
 PSYoungGen      total 22528K, used 10734K [0x00000000eab00000, 0x00000000ed600000, 0x0000000100000000)
  eden space 11776K, 0% used [0x00000000eab00000,0x00000000eab00000,0x00000000eb680000)
  from space 10752K, 99% used [0x00000000ecb80000,0x00000000ed5fb8e8,0x00000000ed600000)
  to   space 13824K, 0% used [0x00000000ebb00000,0x00000000ebb00000,0x00000000ec880000)
 ParOldGen       total 333312K, used 329909K [0x00000000c0000000, 0x00000000d4580000, 0x00000000eab00000)
  object space 333312K, 98% used [0x00000000c0000000,0x00000000d422d608,0x00000000d4580000)
 Metaspace       used 64532K, committed 65472K, reserved 1114112K
  class space    used 6871K, committed 7232K, reserved 1048576K
}
Event: 116.089 GC heap before
{Heap before GC invocations=237 (full 12):
 PSYoungGen      total 22528K, used 10734K [0x00000000eab00000, 0x00000000ed600000, 0x0000000100000000)
  eden space 11776K, 0% used [0x00000000eab00000,0x00000000eab00000,0x00000000eb680000)
  from space 10752K, 99% used [0x00000000ecb80000,0x00000000ed5fb8e8,0x00000000ed600000)
  to   space 13824K, 0% used [0x00000000ebb00000,0x00000000ebb00000,0x00000000ec880000)
 ParOldGen       total 333312K, used 329909K [0x00000000c0000000, 0x00000000d4580000, 0x00000000eab00000)
  object space 333312K, 98% used [0x00000000c0000000,0x00000000d422d608,0x00000000d4580000)
 Metaspace       used 64532K, committed 65472K, reserved 1114112K
  class space    used 6871K, committed 7232K, reserved 1048576K
}
Event: 117.070 GC heap after
{Heap after GC invocations=237 (full 12):
 PSYoungGen      total 19968K, used 1450K [0x00000000eab00000, 0x00000000ed280000, 0x0000000100000000)
  eden space 12800K, 0% used [0x00000000eab00000,0x00000000eab00000,0x00000000eb780000)
  from space 7168K, 20% used [0x00000000ecb80000,0x00000000ecceaaa0,0x00000000ed280000)
  to   space 13824K, 0% used [0x00000000eb780000,0x00000000eb780000,0x00000000ec500000)
 ParOldGen       total 391168K, used 332904K [0x00000000c0000000, 0x00000000d7e00000, 0x00000000eab00000)
  object space 391168K, 85% used [0x00000000c0000000,0x00000000d451a040,0x00000000d7e00000)
 Metaspace       used 64532K, committed 65472K, reserved 1114112K
  class space    used 6871K, committed 7232K, reserved 1048576K
}
Event: 118.357 GC heap before
{Heap before GC invocations=238 (full 12):
 PSYoungGen      total 19968K, used 14107K [0x00000000eab00000, 0x00000000ed280000, 0x0000000100000000)
  eden space 12800K, 98% used [0x00000000eab00000,0x00000000eb75c240,0x00000000eb780000)
  from space 7168K, 20% used [0x00000000ecb80000,0x00000000ecceaaa0,0x00000000ed280000)
  to   space 13824K, 0% used [0x00000000eb780000,0x00000000eb780000,0x00000000ec500000)
 ParOldGen       total 391168K, used 332904K [0x00000000c0000000, 0x00000000d7e00000, 0x00000000eab00000)
  object space 391168K, 85% used [0x00000000c0000000,0x00000000d451a040,0x00000000d7e00000)
 Metaspace       used 64532K, committed 65472K, reserved 1114112K
  class space    used 6871K, committed 7232K, reserved 1048576K
}
Event: 118.519 GC heap after
{Heap after GC invocations=238 (full 12):
 PSYoungGen      total 26624K, used 13812K [0x00000000eab00000, 0x00000000ed580000, 0x0000000100000000)
  eden space 12800K, 0% used [0x00000000eab00000,0x00000000eab00000,0x00000000eb780000)
  from space 13824K, 99% used [0x00000000eb780000,0x00000000ec4fd338,0x00000000ec500000)
  to   space 14848K, 0% used [0x00000000ec700000,0x00000000ec700000,0x00000000ed580000)
 ParOldGen       total 391168K, used 333064K [0x00000000c0000000, 0x00000000d7e00000, 0x00000000eab00000)
  object space 391168K, 85% used [0x00000000c0000000,0x00000000d4542040,0x00000000d7e00000)
 Metaspace       used 64532K, committed 65472K, reserved 1114112K
  class space    used 6871K, committed 7232K, reserved 1048576K
}
Event: 119.624 GC heap before
{Heap before GC invocations=239 (full 12):
 PSYoungGen      total 26624K, used 25415K [0x00000000eab00000, 0x00000000ed580000, 0x0000000100000000)
  eden space 12800K, 90% used [0x00000000eab00000,0x00000000eb654b10,0x00000000eb780000)
  from space 13824K, 99% used [0x00000000eb780000,0x00000000ec4fd338,0x00000000ec500000)
  to   space 14848K, 0% used [0x00000000ec700000,0x00000000ec700000,0x00000000ed580000)
 ParOldGen       total 391168K, used 333064K [0x00000000c0000000, 0x00000000d7e00000, 0x00000000eab00000)
  object space 391168K, 85% used [0x00000000c0000000,0x00000000d4542040,0x00000000d7e00000)
 Metaspace       used 64549K, committed 65536K, reserved 1114112K
  class space    used 6871K, committed 7232K, reserved 1048576K
}
Event: 119.741 GC heap after
{Heap after GC invocations=239 (full 12):
 PSYoungGen      total 25600K, used 11597K [0x00000000eab00000, 0x00000000ed280000, 0x0000000100000000)
  eden space 13824K, 0% used [0x00000000eab00000,0x00000000eab00000,0x00000000eb880000)
  from space 11776K, 98% used [0x00000000ec700000,0x00000000ed2536b8,0x00000000ed280000)
  to   space 12800K, 0% used [0x00000000eb980000,0x00000000eb980000,0x00000000ec600000)
 ParOldGen       total 391168K, used 346775K [0x00000000c0000000, 0x00000000d7e00000, 0x00000000eab00000)
  object space 391168K, 88% used [0x00000000c0000000,0x00000000d52a5c60,0x00000000d7e00000)
 Metaspace       used 64549K, committed 65536K, reserved 1114112K
  class space    used 6871K, committed 7232K, reserved 1048576K
}
Event: 122.250 GC heap before
{Heap before GC invocations=240 (full 12):
 PSYoungGen      total 25600K, used 25421K [0x00000000eab00000, 0x00000000ed280000, 0x0000000100000000)
  eden space 13824K, 100% used [0x00000000eab00000,0x00000000eb880000,0x00000000eb880000)
  from space 11776K, 98% used [0x00000000ec700000,0x00000000ed2536b8,0x00000000ed280000)
  to   space 12800K, 0% used [0x00000000eb980000,0x00000000eb980000,0x00000000ec600000)
 ParOldGen       total 391168K, used 346775K [0x00000000c0000000, 0x00000000d7e00000, 0x00000000eab00000)
  object space 391168K, 88% used [0x00000000c0000000,0x00000000d52a5c60,0x00000000d7e00000)
 Metaspace       used 64564K, committed 65536K, reserved 1114112K
  class space    used 6871K, committed 7232K, reserved 1048576K
}
Event: 122.327 GC heap after
{Heap after GC invocations=240 (full 12):
 PSYoungGen      total 27648K, used 12793K [0x00000000eab00000, 0x00000000ee700000, 0x0000000100000000)
  eden space 14848K, 0% used [0x00000000eab00000,0x00000000eab00000,0x00000000eb980000)
  from space 12800K, 99% used [0x00000000eb980000,0x00000000ec5fe6e8,0x00000000ec600000)
  to   space 23040K, 0% used [0x00000000ed080000,0x00000000ed080000,0x00000000ee700000)
 ParOldGen       total 391168K, used 354925K [0x00000000c0000000, 0x00000000d7e00000, 0x00000000eab00000)
  object space 391168K, 90% used [0x00000000c0000000,0x00000000d5a9b698,0x00000000d7e00000)
 Metaspace       used 64564K, committed 65536K, reserved 1114112K
  class space    used 6871K, committed 7232K, reserved 1048576K
}
Event: 123.195 GC heap before
{Heap before GC invocations=241 (full 12):
 PSYoungGen      total 27648K, used 27641K [0x00000000eab00000, 0x00000000ee700000, 0x0000000100000000)
  eden space 14848K, 100% used [0x00000000eab00000,0x00000000eb980000,0x00000000eb980000)
  from space 12800K, 99% used [0x00000000eb980000,0x00000000ec5fe6e8,0x00000000ec600000)
  to   space 23040K, 0% used [0x00000000ed080000,0x00000000ed080000,0x00000000ee700000)
 ParOldGen       total 391168K, used 354925K [0x00000000c0000000, 0x00000000d7e00000, 0x00000000eab00000)
  object space 391168K, 90% used [0x00000000c0000000,0x00000000d5a9b698,0x00000000d7e00000)
 Metaspace       used 64594K, committed 65536K, reserved 1114112K
  class space    used 6874K, committed 7232K, reserved 1048576K
}
Event: 123.296 GC heap after
{Heap after GC invocations=241 (full 12):
 PSYoungGen      total 20992K, used 4407K [0x00000000eab00000, 0x00000000ed500000, 0x0000000100000000)
  eden space 16384K, 0% used [0x00000000eab00000,0x00000000eab00000,0x00000000ebb00000)
  from space 4608K, 95% used [0x00000000ed080000,0x00000000ed4cdc48,0x00000000ed500000)
  to   space 10752K, 0% used [0x00000000ec000000,0x00000000ec000000,0x00000000eca80000)
 ParOldGen       total 391168K, used 367491K [0x00000000c0000000, 0x00000000d7e00000, 0x00000000eab00000)
  object space 391168K, 93% used [0x00000000c0000000,0x00000000d66e0f98,0x00000000d7e00000)
 Metaspace       used 64594K, committed 65536K, reserved 1114112K
  class space    used 6874K, committed 7232K, reserved 1048576K
}
Event: 123.513 GC heap before
{Heap before GC invocations=242 (full 12):
 PSYoungGen      total 20992K, used 20703K [0x00000000eab00000, 0x00000000ed500000, 0x0000000100000000)
  eden space 16384K, 99% used [0x00000000eab00000,0x00000000ebaea150,0x00000000ebb00000)
  from space 4608K, 95% used [0x00000000ed080000,0x00000000ed4cdc48,0x00000000ed500000)
  to   space 10752K, 0% used [0x00000000ec000000,0x00000000ec000000,0x00000000eca80000)
 ParOldGen       total 391168K, used 367491K [0x00000000c0000000, 0x00000000d7e00000, 0x00000000eab00000)
  object space 391168K, 93% used [0x00000000c0000000,0x00000000d66e0f98,0x00000000d7e00000)
 Metaspace       used 64615K, committed 65536K, reserved 1114112K
  class space    used 6875K, committed 7232K, reserved 1048576K
}
Event: 123.599 GC heap after
{Heap after GC invocations=242 (full 12):
 PSYoungGen      total 29184K, used 10745K [0x00000000eab00000, 0x00000000ee400000, 0x0000000100000000)
  eden space 18432K, 0% used [0x00000000eab00000,0x00000000eab00000,0x00000000ebd00000)
  from space 10752K, 99% used [0x00000000ec000000,0x00000000eca7e6c0,0x00000000eca80000)
  to   space 19968K, 0% used [0x00000000ed080000,0x00000000ed080000,0x00000000ee400000)
 ParOldGen       total 391168K, used 374007K [0x00000000c0000000, 0x00000000d7e00000, 0x00000000eab00000)
  object space 391168K, 95% used [0x00000000c0000000,0x00000000d6d3de18,0x00000000d7e00000)
 Metaspace       used 64615K, committed 65536K, reserved 1114112K
  class space    used 6875K, committed 7232K, reserved 1048576K
}

Dll operation events (12 events):
Event: 0.015 Loaded shared library /home/juliapod23/.vscode/extensions/redhat.java-1.13.0-linux-x64/jre/17.0.5-linux-x86_64/lib/libjava.so
Event: 1.214 Loaded shared library /home/juliapod23/.vscode/extensions/redhat.java-1.13.0-linux-x64/jre/17.0.5-linux-x86_64/lib/libzip.so
Event: 1.225 Loaded shared library /home/juliapod23/.vscode/extensions/redhat.java-1.13.0-linux-x64/jre/17.0.5-linux-x86_64/lib/libinstrument.so
Event: 1.275 Loaded shared library /home/juliapod23/.vscode/extensions/redhat.java-1.13.0-linux-x64/jre/17.0.5-linux-x86_64/lib/libnio.so
Event: 1.388 Loaded shared library /home/juliapod23/.vscode/extensions/redhat.java-1.13.0-linux-x64/jre/17.0.5-linux-x86_64/lib/libzip.so
Event: 1.476 Loaded shared library /home/juliapod23/.vscode/extensions/redhat.java-1.13.0-linux-x64/jre/17.0.5-linux-x86_64/lib/libjimage.so
Event: 1.652 Loaded shared library /home/juliapod23/.vscode/extensions/redhat.java-1.13.0-linux-x64/jre/17.0.5-linux-x86_64/lib/libverify.so
Event: 4.766 Loaded shared library /home/juliapod23/.vscode/extensions/redhat.java-1.13.0-linux-x64/jre/17.0.5-linux-x86_64/lib/libnet.so
Event: 10.749 Loaded shared library /home/juliapod23/.config/Code/User/globalStorage/redhat.java/1.13.0/config_linux/org.eclipse.equinox.launcher/org.eclipse.equinox.launcher.gtk.linux.x86_64_1.2.600.v20220720-1916/eclipse_11701.so
Event: 17.032 Loaded shared library /home/juliapod23/.vscode/extensions/redhat.java-1.13.0-linux-x64/jre/17.0.5-linux-x86_64/lib/libmanagement.so
Event: 17.042 Loaded shared library /home/juliapod23/.vscode/extensions/redhat.java-1.13.0-linux-x64/jre/17.0.5-linux-x86_64/lib/libmanagement_ext.so
Event: 37.863 Loaded shared library /home/juliapod23/.vscode/extensions/redhat.java-1.13.0-linux-x64/jre/17.0.5-linux-x86_64/lib/libextnet.so

Deoptimization events (20 events):
Event: 124.206 Thread 0x00007d3d3c705580 DEOPT PACKING pc=0x00007d3d9f33ce27 sp=0x00007d3d94efaff0
Event: 124.206 Thread 0x00007d3d3c705580 DEOPT UNPACKING pc=0x00007d3d9e440510 sp=0x00007d3d94efa4c8 mode 0
Event: 124.244 Thread 0x00007d3d3c705580 Uncommon trap: trap_request=0xffffff45 fr.pc=0x00007d3da5fc0214 relative=0x0000000000000b14
Event: 124.244 Thread 0x00007d3d3c705580 Uncommon trap: reason=unstable_if action=reinterpret pc=0x00007d3da5fc0214 method=org.eclipse.jdt.internal.compiler.util.HashtableOfObject.get([C)Ljava/lang/Object; @ 49 c2
Event: 124.244 Thread 0x00007d3d3c705580 DEOPT PACKING pc=0x00007d3da5fc0214 sp=0x00007d3d94efc050
Event: 124.244 Thread 0x00007d3d3c705580 DEOPT UNPACKING pc=0x00007d3d9e43fd93 sp=0x00007d3d94efbfa0 mode 2
Event: 124.325 Thread 0x00007d3d3c705580 DEOPT PACKING pc=0x00007d3d9f6fc940 sp=0x00007d3d94efc2d0
Event: 124.325 Thread 0x00007d3d3c705580 DEOPT UNPACKING pc=0x00007d3d9e440510 sp=0x00007d3d94efb850 mode 0
Event: 124.818 Thread 0x00007d3d3c705580 Uncommon trap: trap_request=0xffffff45 fr.pc=0x00007d3da61b2d9c relative=0x000000000000101c
Event: 124.818 Thread 0x00007d3d3c705580 Uncommon trap: reason=unstable_if action=reinterpret pc=0x00007d3da61b2d9c method=org.eclipse.jdt.internal.core.index.DiskIndex.writeDocumentNumbers([ILjava/io/FileOutputStream;)V @ 20 c2
Event: 124.818 Thread 0x00007d3d3c705580 DEOPT PACKING pc=0x00007d3da61b2d9c sp=0x00007d3d94efc350
Event: 124.818 Thread 0x00007d3d3c705580 DEOPT UNPACKING pc=0x00007d3d9e43fd93 sp=0x00007d3d94efc328 mode 2
Event: 124.830 Thread 0x00007d3d3c705580 Uncommon trap: trap_request=0xffffffbe fr.pc=0x00007d3da6168048 relative=0x00000000000005c8
Event: 124.830 Thread 0x00007d3d3c705580 Uncommon trap: reason=profile_predicate action=maybe_recompile pc=0x00007d3da6168048 method=org.eclipse.jdt.internal.compiler.util.SimpleLookupTable.put(Ljava/lang/Object;Ljava/lang/Object;)Ljava/lang/Object; @ 61 c2
Event: 124.830 Thread 0x00007d3d3c705580 DEOPT PACKING pc=0x00007d3da6168048 sp=0x00007d3d94efc730
Event: 124.830 Thread 0x00007d3d3c705580 DEOPT UNPACKING pc=0x00007d3d9e43fd93 sp=0x00007d3d94efc708 mode 2
Event: 124.836 Thread 0x00007d3d3c705580 Uncommon trap: trap_request=0xffffff45 fr.pc=0x00007d3da61e6f48 relative=0x0000000000000488
Event: 124.836 Thread 0x00007d3d3c705580 Uncommon trap: reason=unstable_if action=reinterpret pc=0x00007d3da61e6f48 method=org.eclipse.jdt.internal.core.index.DiskIndex.readStreamDocumentArray(Ljava/io/InputStream;I)[I @ 17 c2
Event: 124.836 Thread 0x00007d3d3c705580 DEOPT PACKING pc=0x00007d3da61e6f48 sp=0x00007d3d94efc3e0
Event: 124.836 Thread 0x00007d3d3c705580 DEOPT UNPACKING pc=0x00007d3d9e43fd93 sp=0x00007d3d94efc3b0 mode 2

Classes unloaded (7 events):
Event: 17.156 Thread 0x00007d3db0152c90 Unloading class 0x0000000100252000 'java/lang/invoke/LambdaForm$MH+0x0000000100252000'
Event: 17.156 Thread 0x00007d3db0152c90 Unloading class 0x0000000100251c00 'java/lang/invoke/LambdaForm$MH+0x0000000100251c00'
Event: 17.156 Thread 0x00007d3db0152c90 Unloading class 0x0000000100251800 'java/lang/invoke/LambdaForm$MH+0x0000000100251800'
Event: 17.156 Thread 0x00007d3db0152c90 Unloading class 0x0000000100251400 'java/lang/invoke/LambdaForm$MH+0x0000000100251400'
Event: 17.156 Thread 0x00007d3db0152c90 Unloading class 0x0000000100250c00 'java/lang/invoke/LambdaForm$BMH+0x0000000100250c00'
Event: 17.156 Thread 0x00007d3db0152c90 Unloading class 0x0000000100250800 'java/lang/invoke/LambdaForm$DMH+0x0000000100250800'
Event: 17.156 Thread 0x00007d3db0152c90 Unloading class 0x000000010024e000 'java/lang/invoke/LambdaForm$DMH+0x000000010024e000'

Classes redefined (0 events):
No events

Internal exceptions (20 events):
Event: 81.042 Thread 0x00007d3d2012e600 Exception <a 'sun/nio/fs/UnixException'{0x00000000ead824c0}> (0x00000000ead824c0) 
thrown [src/hotspot/share/prims/jni.cpp, line 516]
Event: 81.081 Thread 0x00007d3d2012e600 Exception <a 'sun/nio/fs/UnixException'{0x00000000eab58118}> (0x00000000eab58118) 
thrown [src/hotspot/share/prims/jni.cpp, line 516]
Event: 81.109 Thread 0x00007d3d2012e600 Exception <a 'sun/nio/fs/UnixException'{0x00000000eac38b18}> (0x00000000eac38b18) 
thrown [src/hotspot/share/prims/jni.cpp, line 516]
Event: 81.150 Thread 0x00007d3d2012e600 Exception <a 'sun/nio/fs/UnixException'{0x00000000ead8e3d0}> (0x00000000ead8e3d0) 
thrown [src/hotspot/share/prims/jni.cpp, line 516]
Event: 81.627 Thread 0x00007d3d2012e600 Exception <a 'sun/nio/fs/UnixException'{0x00000000eacc6228}> (0x00000000eacc6228) 
thrown [src/hotspot/share/prims/jni.cpp, line 516]
Event: 81.693 Thread 0x00007d3d2012e600 Exception <a 'sun/nio/fs/UnixException'{0x00000000eadce980}> (0x00000000eadce980) 
thrown [src/hotspot/share/prims/jni.cpp, line 516]
Event: 81.754 Thread 0x00007d3d2012e600 Exception <a 'sun/nio/fs/UnixException'{0x00000000eac11458}> (0x00000000eac11458) 
thrown [src/hotspot/share/prims/jni.cpp, line 516]
Event: 81.791 Thread 0x00007d3d2012e600 Exception <a 'sun/nio/fs/UnixException'{0x00000000ead345f8}> (0x00000000ead345f8) 
thrown [src/hotspot/share/prims/jni.cpp, line 516]
Event: 81.978 Thread 0x00007d3d2012e600 Exception <a 'sun/nio/fs/UnixException'{0x00000000eadeb470}> (0x00000000eadeb470) 
thrown [src/hotspot/share/prims/jni.cpp, line 516]
Event: 82.020 Thread 0x00007d3d2012e600 Exception <a 'sun/nio/fs/UnixException'{0x00000000eaea1be0}> (0x00000000eaea1be0) 
thrown [src/hotspot/share/prims/jni.cpp, line 516]
Event: 82.076 Thread 0x00007d3d2012e600 Exception <a 'sun/nio/fs/UnixException'{0x00000000eab2ecd8}> (0x00000000eab2ecd8) 
thrown [src/hotspot/share/prims/jni.cpp, line 516]
Event: 82.097 Thread 0x00007d3d2012e600 Exception <a 'sun/nio/fs/UnixException'{0x00000000eab6c840}> (0x00000000eab6c840) 
thrown [src/hotspot/share/prims/jni.cpp, line 516]
Event: 82.103 Thread 0x00007d3d2012e600 Exception <a 'sun/nio/fs/UnixException'{0x00000000eab7f460}> (0x00000000eab7f460) 
thrown [src/hotspot/share/prims/jni.cpp, line 516]
Event: 82.144 Thread 0x00007d3d2012e600 Exception <a 'sun/nio/fs/UnixException'{0x00000000eac49450}> (0x00000000eac49450) 
thrown [src/hotspot/share/prims/jni.cpp, line 516]
Event: 87.029 Thread 0x00007d3d40001310 Exception <a 'java/lang/NoSuchMethodError'{0x00000000eb3c1d60}: 'java.lang.Object java.lang.invoke.DirectMethodHandle$Holder.newInvokeSpecial(java.lang.Object, java.lang.Object, java.lang.Object, java.lang.Object, java.lang.Object, java.lang.Object)'> (0x00000000eb3c1d60) 
thrown [src/hotspot/share/interpreter/linkResolver.cpp, line 758]
Event: 89.717 Thread 0x00007d3d20001b90 Exception <a 'java/io/FileNotFoundException'{0x00000000eab608b8}> (0x00000000eab608b8) 
thrown [src/hotspot/share/prims/jni.cpp, line 516]
Event: 100.177 Thread 0x00007d3db05e06c0 Exception <a 'sun/nio/fs/UnixException'{0x00000000eacfcf68}> (0x00000000eacfcf68) 
thrown [src/hotspot/share/prims/jni.cpp, line 516]
Event: 122.983 Thread 0x00007d3d3c705580 Exception <a 'sun/nio/fs/UnixException'{0x00000000ead26670}> (0x00000000ead26670) 
thrown [src/hotspot/share/prims/jni.cpp, line 516]
Event: 124.829 Thread 0x00007d3d3c705580 Exception <a 'sun/nio/fs/UnixException'{0x00000000ebab22d8}> (0x00000000ebab22d8) 
thrown [src/hotspot/share/prims/jni.cpp, line 516]
Event: 278.316 Thread 0x00007d3db05a9100 Exception <a 'java/lang/NoSuchMethodError'{0x00000000ebb22d58}: 'boolean java.util.concurrent.ScheduledFuture.cancel(boolean)'> (0x00000000ebb22d58) 
thrown [src/hotspot/share/interpreter/linkResolver.cpp, line 855]

VM Operations (20 events):
Event: 123.195 Executing VM operation: ParallelGCFailedAllocation
Event: 123.296 Executing VM operation: ParallelGCFailedAllocation done
Event: 123.513 Executing VM operation: ParallelGCFailedAllocation
Event: 123.599 Executing VM operation: ParallelGCFailedAllocation done
Event: 124.077 Executing VM operation: HandshakeAllThreads
Event: 124.078 Executing VM operation: HandshakeAllThreads done
Event: 124.078 Executing VM operation: HandshakeAllThreads
Event: 124.078 Executing VM operation: HandshakeAllThreads done
Event: 124.083 Executing VM operation: HandshakeAllThreads
Event: 124.084 Executing VM operation: HandshakeAllThreads done
Event: 124.168 Executing VM operation: HandshakeAllThreads
Event: 124.168 Executing VM operation: HandshakeAllThreads done
Event: 124.245 Executing VM operation: HandshakeAllThreads
Event: 124.246 Executing VM operation: HandshakeAllThreads done
Event: 125.246 Executing VM operation: Cleanup
Event: 125.246 Executing VM operation: Cleanup done
Event: 128.248 Executing VM operation: Cleanup
Event: 128.249 Executing VM operation: Cleanup done
Event: 130.249 Executing VM operation: Cleanup
Event: 130.249 Executing VM operation: Cleanup done

Events (20 events):
Event: 124.288 Thread 0x00007d3db0193d90 flushing nmethod 0x00007d3d9f9df090
Event: 124.288 Thread 0x00007d3db0193d90 flushing nmethod 0x00007d3d9f9e0f90
Event: 124.288 Thread 0x00007d3db0193d90 flushing nmethod 0x00007d3d9f9e5c10
Event: 124.288 Thread 0x00007d3db0193d90 flushing nmethod 0x00007d3d9f9ea410
Event: 124.288 Thread 0x00007d3db0193d90 flushing nmethod 0x00007d3d9f9eb490
Event: 124.288 Thread 0x00007d3db0193d90 flushing nmethod 0x00007d3d9f9ee010
Event: 124.288 Thread 0x00007d3db0193d90 flushing nmethod 0x00007d3d9f9ef790
Event: 124.288 Thread 0x00007d3db0193d90 flushing nmethod 0x00007d3d9f9f0c10
Event: 124.288 Thread 0x00007d3db0193d90 flushing nmethod 0x00007d3d9f9f1290
Event: 124.288 Thread 0x00007d3db0193d90 flushing nmethod 0x00007d3d9f9f9a90
Event: 124.288 Thread 0x00007d3db0193d90 flushing nmethod 0x00007d3d9fa09d10
Event: 151.700 Thread 0x00007d3d2012e600 Thread exited: 0x00007d3d2012e600
Event: 183.693 Thread 0x00007d3d40001310 Thread exited: 0x00007d3d40001310
Event: 184.057 Thread 0x00007d3d48001110 Thread exited: 0x00007d3d48001110
Event: 184.059 Thread 0x00007d3d3c395f40 Thread exited: 0x00007d3d3c395f40
Event: 184.833 Thread 0x00007d3d64001560 Thread exited: 0x00007d3d64001560
Event: 184.834 Thread 0x00007d3d20001b90 Thread exited: 0x00007d3d20001b90
Event: 211.702 Thread 0x00007d3d60001050 Thread exited: 0x00007d3d60001050
Event: 271.704 Thread 0x00007d3d200e9680 Thread exited: 0x00007d3d200e9680
Event: 318.163 loading class java/util/Map$Entry


Dynamic libraries:
c0000000-d7e00000 rw-p 00000000 00:00 0 
d7e00000-eab00000 ---p 00000000 00:00 0 
eab00000-ee400000 rw-p 00000000 00:00 0 
ee400000-100000000 ---p 00000000 00:00 0 
100000000-100020000 rw-p 00000000 00:00 0 
100020000-100040000 rw-p 00000000 00:00 0 
100040000-1000c0000 rw-p 00000000 00:00 0 
1000c0000-1000e0000 rw-p 00000000 00:00 0 
1000e0000-100140000 rw-p 00000000 00:00 0 
100140000-100200000 rw-p 00000000 00:00 0 
100200000-1003c0000 rw-p 00000000 00:00 0 
1003c0000-100540000 rw-p 00000000 00:00 0 
100540000-1005c0000 rw-p 00000000 00:00 0 
1005c0000-100720000 rw-p 00000000 00:00 0 
100720000-140000000 ---p 00000000 00:00 0 
572cff9b5000-572cff9b6000 r--p 00000000 00:2a 333921                     /home/juliapod23/.vscode/extensions/redhat.java-1.13.0-linux-x64/jre/17.0.5-linux-x86_64/bin/java
572cff9b6000-572cff9b7000 r-xp 00001000 00:2a 333921                     /home/juliapod23/.vscode/extensions/redhat.java-1.13.0-linux-x64/jre/17.0.5-linux-x86_64/bin/java
572cff9b7000-572cff9b8000 r--p 00002000 00:2a 333921                     /home/juliapod23/.vscode/extensions/redhat.java-1.13.0-linux-x64/jre/17.0.5-linux-x86_64/bin/java
572cff9b8000-572cff9b9000 r--p 00002000 00:2a 333921                     /home/juliapod23/.vscode/extensions/redhat.java-1.13.0-linux-x64/jre/17.0.5-linux-x86_64/bin/java
572cff9b9000-572cff9ba000 rw-p 00003000 00:2a 333921                     /home/juliapod23/.vscode/extensions/redhat.java-1.13.0-linux-x64/jre/17.0.5-linux-x86_64/bin/java
572d00f3a000-572d00f82000 rw-p 00000000 00:00 0                          [heap]
7d3d0c000000-7d3d0d42a000 rw-p 00000000 00:00 0 
7d3d0d42a000-7d3d10000000 ---p 00000000 00:00 0 
7d3d13000000-7d3d131b0000 rw-p 00000000 00:00 0 
7d3d131b0000-7d3d13800000 ---p 00000000 00:00 0 
7d3d13811000-7d3d1c000000 r--s 00000000 00:2a 125977                     /usr/lib/jvm/java-11-openjdk-amd64/lib/modules
7d3d1c000000-7d3d1c381000 rw-p 00000000 00:00 0 
7d3d1c381000-7d3d20000000 ---p 00000000 00:00 0 
7d3d20000000-7d3d202d6000 rw-p 00000000 00:00 0 
7d3d202d6000-7d3d24000000 ---p 00000000 00:00 0 
7d3d24000000-7d3d24021000 rw-p 00000000 00:00 0 
7d3d24021000-7d3d28000000 ---p 00000000 00:00 0 
7d3d28000000-7d3d28021000 rw-p 00000000 00:00 0 
7d3d28021000-7d3d2c000000 ---p 00000000 00:00 0 
7d3d2caff000-7d3d2cb03000 ---p 00000000 00:00 0 
7d3d2cb03000-7d3d2cf00000 rw-p 00000000 00:00 0 
7d3d2cf00000-7d3d2cf70000 rw-p 00000000 00:00 0 
7d3d2cf70000-7d3d2d000000 ---p 00000000 00:00 0 
7d3d2d000000-7d3d2d400000 rw-p 00000000 00:00 0 
7d3d2d400000-7d3d2d500000 rw-p 00000000 00:00 0 
7d3d2d500000-7d3d2d700000 rw-p 00000000 00:00 0 
7d3d2d700000-7d3d2d980000 rw-p 00000000 00:00 0 
7d3d2d980000-7d3d2da00000 rw-p 00000000 00:00 0 
7d3d2da00000-7d3d2dc00000 rw-p 00000000 00:00 0 
7d3d2dcf9000-7d3d2dcfd000 ---p 00000000 00:00 0 
7d3d2dcfd000-7d3d2ddfa000 rw-p 00000000 00:00 0 
7d3d2ddfa000-7d3d2ddfe000 ---p 00000000 00:00 0 
7d3d2ddfe000-7d3d2defb000 rw-p 00000000 00:00 0 
7d3d2defb000-7d3d2deff000 ---p 00000000 00:00 0 
7d3d2deff000-7d3d2dffc000 rw-p 00000000 00:00 0 
7d3d2dffc000-7d3d2e000000 ---p 00000000 00:00 0 
7d3d2e000000-7d3d2e0fd000 rw-p 00000000 00:00 0 
7d3d2e0fd000-7d3d2e101000 ---p 00000000 00:00 0 
7d3d2e101000-7d3d2e1fe000 rw-p 00000000 00:00 0 
7d3d2e1fe000-7d3d2e202000 ---p 00000000 00:00 0 
7d3d2e202000-7d3d2e2ff000 rw-p 00000000 00:00 0 
7d3d2e2ff000-7d3d2e303000 ---p 00000000 00:00 0 
7d3d2e303000-7d3d2eb00000 rw-p 00000000 00:00 0 
7d3d2eb00000-7d3d2ec00000 rw-p 00000000 00:00 0 
7d3d2ec00000-7d3d2f1c0000 rw-p 00000000 00:00 0 
7d3d2f1c0000-7d3d2f300000 rw-p 00000000 00:00 0 
7d3d2f300000-7d3d2f400000 rw-p 00000000 00:00 0 
7d3d2f4fd000-7d3d2f501000 ---p 00000000 00:00 0 
7d3d2f501000-7d3d2f5fe000 rw-p 00000000 00:00 0 
7d3d2f5fe000-7d3d2f602000 ---p 00000000 00:00 0 
7d3d2f602000-7d3d2f6ff000 rw-p 00000000 00:00 0 
7d3d2f6ff000-7d3d2f703000 ---p 00000000 00:00 0 
7d3d2f703000-7d3d2f980000 rw-p 00000000 00:00 0 
7d3d2f980000-7d3d2fa00000 rw-p 00000000 00:00 0 
7d3d2fa00000-7d3d2fb00000 rw-p 00000000 00:00 0 
7d3d2fb00000-7d3d2fc00000 rw-p 00000000 00:00 0 
7d3d2fc00000-7d3d30000000 rw-p 00000000 00:00 0 
7d3d30000000-7d3d30030000 rw-p 00000000 00:00 0 
7d3d30030000-7d3d34000000 ---p 00000000 00:00 0 
7d3d34000000-7d3d34021000 rw-p 00000000 00:00 0 
7d3d34021000-7d3d38000000 ---p 00000000 00:00 0 
7d3d38000000-7d3d38021000 rw-p 00000000 00:00 0 
7d3d38021000-7d3d3c000000 ---p 00000000 00:00 0 
7d3d3c000000-7d3d3cabb000 rw-p 00000000 00:00 0 
7d3d3cabb000-7d3d40000000 ---p 00000000 00:00 0 
7d3d40000000-7d3d40300000 rw-p 00000000 00:00 0 
7d3d40300000-7d3d44000000 ---p 00000000 00:00 0 
7d3d44000000-7d3d44021000 rw-p 00000000 00:00 0 
7d3d44021000-7d3d48000000 ---p 00000000 00:00 0 
7d3d48000000-7d3d48021000 rw-p 00000000 00:00 0 
7d3d48021000-7d3d4c000000 ---p 00000000 00:00 0 
7d3d4c000000-7d3d4c157000 rw-p 00000000 00:00 0 
7d3d4c157000-7d3d50000000 ---p 00000000 00:00 0 
7d3d50000000-7d3d5002b000 rw-p 00000000 00:00 0 
7d3d5002b000-7d3d54000000 ---p 00000000 00:00 0 
7d3d54000000-7d3d540c9000 rw-p 00000000 00:00 0 
7d3d540c9000-7d3d58000000 ---p 00000000 00:00 0 
7d3d58000000-7d3d58022000 rw-p 00000000 00:00 0 
7d3d58022000-7d3d5c000000 ---p 00000000 00:00 0 
7d3d5c000000-7d3d5c02b000 rw-p 00000000 00:00 0 
7d3d5c02b000-7d3d60000000 ---p 00000000 00:00 0 
7d3d60000000-7d3d60021000 rw-p 00000000 00:00 0 
7d3d60021000-7d3d64000000 ---p 00000000 00:00 0 
7d3d64000000-7d3d64035000 rw-p 00000000 00:00 0 
7d3d64035000-7d3d68000000 ---p 00000000 00:00 0 
7d3d68000000-7d3d68021000 rw-p 00000000 00:00 0 
7d3d68021000-7d3d6c000000 ---p 00000000 00:00 0 
7d3d6c000000-7d3d6c021000 rw-p 00000000 00:00 0 
7d3d6c021000-7d3d70000000 ---p 00000000 00:00 0 
7d3d70000000-7d3d70da4000 rw-p 00000000 00:00 0 
7d3d70da4000-7d3d74000000 ---p 00000000 00:00 0 
7d3d74000000-7d3d74021000 rw-p 00000000 00:00 0 
7d3d74021000-7d3d78000000 ---p 00000000 00:00 0 
7d3d78000000-7d3d78021000 rw-p 00000000 00:00 0 
7d3d78021000-7d3d7c000000 ---p 00000000 00:00 0 
7d3d7c000000-7d3d7fffc000 rw-p 00000000 00:00 0 
7d3d7fffc000-7d3d80000000 ---p 00000000 00:00 0 
7d3d80000000-7d3d80021000 rw-p 00000000 00:00 0 
7d3d80021000-7d3d84000000 ---p 00000000 00:00 0 
7d3d84000000-7d3d84021000 rw-p 00000000 00:00 0 
7d3d84021000-7d3d88000000 ---p 00000000 00:00 0 
7d3d88000000-7d3d88021000 rw-p 00000000 00:00 0 
7d3d88021000-7d3d8c000000 ---p 00000000 00:00 0 
7d3d8c000000-7d3d8c021000 rw-p 00000000 00:00 0 
7d3d8c021000-7d3d90000000 ---p 00000000 00:00 0 
7d3d90000000-7d3d90021000 rw-p 00000000 00:00 0 
7d3d90021000-7d3d94000000 ---p 00000000 00:00 0 
7d3d940e0000-7d3d940e4000 ---p 00000000 00:00 0 
7d3d940e4000-7d3d941e1000 rw-p 00000000 00:00 0 
7d3d941e1000-7d3d941e5000 ---p 00000000 00:00 0 
7d3d941e5000-7d3d942e2000 rw-p 00000000 00:00 0 
7d3d942e2000-7d3d942e6000 ---p 00000000 00:00 0 
7d3d942e6000-7d3d943e3000 rw-p 00000000 00:00 0 
7d3d943e3000-7d3d943e7000 ---p 00000000 00:00 0 
7d3d943e7000-7d3d944e4000 rw-p 00000000 00:00 0 
7d3d944e4000-7d3d944f4000 r-xp 00000000 00:2a 335692                     /home/juliapod23/.config/Code/User/globalStorage/redhat.java/1.13.0/config_linux/org.eclipse.equinox.launcher/org.eclipse.equinox.launcher.gtk.linux.x86_64_1.2.600.v20220720-1916/eclipse_11701.so
7d3d944f4000-7d3d946f3000 ---p 00010000 00:2a 335692                     /home/juliapod23/.config/Code/User/globalStorage/redhat.java/1.13.0/config_linux/org.eclipse.equinox.launcher/org.eclipse.equinox.launcher.gtk.linux.x86_64_1.2.600.v20220720-1916/eclipse_11701.so
7d3d946f3000-7d3d946f4000 r--p 0000f000 00:2a 335692                     /home/juliapod23/.config/Code/User/globalStorage/redhat.java/1.13.0/config_linux/org.eclipse.equinox.launcher/org.eclipse.equinox.launcher.gtk.linux.x86_64_1.2.600.v20220720-1916/eclipse_11701.so
7d3d946f4000-7d3d946f5000 rw-p 00010000 00:2a 335692                     /home/juliapod23/.config/Code/User/globalStorage/redhat.java/1.13.0/config_linux/org.eclipse.equinox.launcher/org.eclipse.equinox.launcher.gtk.linux.x86_64_1.2.600.v20220720-1916/eclipse_11701.so
7d3d946f5000-7d3d946f6000 rw-p 00000000 00:00 0 
7d3d946f6000-7d3d946fa000 ---p 00000000 00:00 0 
7d3d946fa000-7d3d947f7000 rw-p 00000000 00:00 0 
7d3d947f7000-7d3d947fb000 ---p 00000000 00:00 0 
7d3d947fb000-7d3d948f8000 rw-p 00000000 00:00 0 
7d3d948f8000-7d3d948fc000 ---p 00000000 00:00 0 
7d3d948fc000-7d3d949f9000 rw-p 00000000 00:00 0 
7d3d949f9000-7d3d949fd000 ---p 00000000 00:00 0 
7d3d949fd000-7d3d94afa000 rw-p 00000000 00:00 0 
7d3d94afa000-7d3d94afe000 ---p 00000000 00:00 0 
7d3d94afe000-7d3d94bfb000 rw-p 00000000 00:00 0 
7d3d94bfb000-7d3d94bff000 ---p 00000000 00:00 0 
7d3d94bff000-7d3d94cfc000 rw-p 00000000 00:00 0 
7d3d94cfc000-7d3d94d00000 ---p 00000000 00:00 0 
7d3d94d00000-7d3d94dfd000 rw-p 00000000 00:00 0 
7d3d94dfd000-7d3d94e01000 ---p 00000000 00:00 0 
7d3d94e01000-7d3d94efe000 rw-p 00000000 00:00 0 
7d3d94efe000-7d3d94eff000 ---p 00000000 00:00 0 
7d3d94eff000-7d3d95080000 rw-p 00000000 00:00 0 
7d3d95080000-7d3d95100000 rw-p 00000000 00:00 0 
7d3d95100000-7d3d95400000 rw-p 00000000 00:00 0 
7d3d95400000-7d3d95700000 rw-p 00000000 00:00 0 
7d3d95700000-7d3d95800000 rw-p 00000000 00:00 0 
7d3d958f9000-7d3d958fa000 ---p 00000000 00:00 0 
7d3d958fa000-7d3d959fb000 rw-p 00000000 00:00 0 
7d3d959fb000-7d3d959fc000 ---p 00000000 00:00 0 
7d3d959fc000-7d3d95afd000 rw-p 00000000 00:00 0 
7d3d95afd000-7d3d95afe000 ---p 00000000 00:00 0 
7d3d95afe000-7d3d95bff000 rw-p 00000000 00:00 0 
7d3d95bff000-7d3d95c03000 ---p 00000000 00:00 0 
7d3d95c03000-7d3d95d00000 rw-p 00000000 00:00 0 
7d3d95d00000-7d3d95d04000 ---p 00000000 00:00 0 
7d3d95d04000-7d3d95e01000 rw-p 00000000 00:00 0 
7d3d95e01000-7d3d95e05000 ---p 00000000 00:00 0 
7d3d95e05000-7d3d95f02000 rw-p 00000000 00:00 0 
7d3d95f02000-7d3d95f06000 ---p 00000000 00:00 0 
7d3d95f06000-7d3d96003000 rw-p 00000000 00:00 0 
7d3d96003000-7d3d96007000 ---p 00000000 00:00 0 
7d3d96007000-7d3d96104000 rw-p 00000000 00:00 0 
7d3d96104000-7d3d96108000 ---p 00000000 00:00 0 
7d3d96108000-7d3d96205000 rw-p 00000000 00:00 0 
7d3d96205000-7d3d96209000 ---p 00000000 00:00 0 
7d3d96209000-7d3d96306000 rw-p 00000000 00:00 0 
7d3d96306000-7d3d9630a000 ---p 00000000 00:00 0 
7d3d9630a000-7d3d96407000 rw-p 00000000 00:00 0 
7d3d96407000-7d3d966ee000 r--p 00000000 00:2a 47010                      /usr/lib/locale/locale-archive
7d3d966ee000-7d3d966f2000 ---p 00000000 00:00 0 
7d3d966f2000-7d3d967ef000 rw-p 00000000 00:00 0 
7d3d967ef000-7d3d967f3000 ---p 00000000 00:00 0 
7d3d967f3000-7d3d968f0000 rw-p 00000000 00:00 0 
7d3d968f0000-7d3d968f1000 ---p 00000000 00:00 0 
7d3d968f1000-7d3d97c00000 rw-p 00000000 00:00 0 
7d3d97c00000-7d3d97c80000 rw-p 00000000 00:00 0 
7d3d97c80000-7d3d97d00000 rw-p 00000000 00:00 0 
7d3d97d00000-7d3d98000000 rw-p 00000000 00:00 0 
7d3d98000000-7d3d98021000 rw-p 00000000 00:00 0 
7d3d98021000-7d3d9c000000 ---p 00000000 00:00 0 
7d3d9c0b7000-7d3d9c0b8000 r--p 00000000 00:2a 40364                      /usr/lib/x86_64-linux-gnu/libnss_dns-2.31.so
7d3d9c0b8000-7d3d9c0bc000 r-xp 00001000 00:2a 40364                      /usr/lib/x86_64-linux-gnu/libnss_dns-2.31.so
7d3d9c0bc000-7d3d9c0bd000 r--p 00005000 00:2a 40364                      /usr/lib/x86_64-linux-gnu/libnss_dns-2.31.so
7d3d9c0bd000-7d3d9c0be000 r--p 00005000 00:2a 40364                      /usr/lib/x86_64-linux-gnu/libnss_dns-2.31.so
7d3d9c0be000-7d3d9c0bf000 rw-p 00006000 00:2a 40364                      /usr/lib/x86_64-linux-gnu/libnss_dns-2.31.so
7d3d9c0bf000-7d3d9c0c3000 r--p 00000000 00:2a 40369                      /usr/lib/x86_64-linux-gnu/libresolv-2.31.so
7d3d9c0c3000-7d3d9c0d1000 r-xp 00004000 00:2a 40369                      /usr/lib/x86_64-linux-gnu/libresolv-2.31.so
7d3d9c0d1000-7d3d9c0d5000 r--p 00012000 00:2a 40369                      /usr/lib/x86_64-linux-gnu/libresolv-2.31.so
7d3d9c0d5000-7d3d9c0d6000 r--p 00015000 00:2a 40369                      /usr/lib/x86_64-linux-gnu/libresolv-2.31.so
7d3d9c0d6000-7d3d9c0d7000 rw-p 00016000 00:2a 40369                      /usr/lib/x86_64-linux-gnu/libresolv-2.31.so
7d3d9c0d7000-7d3d9c0d9000 rw-p 00000000 00:00 0 
7d3d9c0e6000-7d3d9c0ed000 r--s 00000000 00:2a 40622                      /usr/lib/x86_64-linux-gnu/gconv/gconv-modules.cache
7d3d9c0ed000-7d3d9e3ee000 rw-p 00000000 00:00 0 
7d3d9e3ee000-7d3d9e65e000 rwxp 00000000 00:00 0 
7d3d9e65e000-7d3d9e97f000 ---p 00000000 00:00 0 
7d3d9e97f000-7d3d9fa1f000 rwxp 00000000 00:00 0 
7d3d9fa1f000-7d3da5eb6000 ---p 00000000 00:00 0 
7d3da5eb6000-7d3da61f6000 rwxp 00000000 00:00 0 
7d3da61f6000-7d3dad3ee000 ---p 00000000 00:00 0 
7d3dad3ee000-7d3db0000000 r--s 00000000 00:2a 334329                     /home/juliapod23/.vscode/extensions/redhat.java-1.13.0-linux-x64/jre/17.0.5-linux-x86_64/lib/modules
7d3db0000000-7d3db0891000 rw-p 00000000 00:00 0 
7d3db0891000-7d3db4000000 ---p 00000000 00:00 0 
7d3db4005000-7d3db4006000 r--p 00000000 00:2a 95224                      /usr/lib/x86_64-linux-gnu/libnss_mdns4_minimal.so.2
7d3db4006000-7d3db4008000 r-xp 00001000 00:2a 95224                      /usr/lib/x86_64-linux-gnu/libnss_mdns4_minimal.so.2
7d3db4008000-7d3db4009000 r--p 00003000 00:2a 95224                      /usr/lib/x86_64-linux-gnu/libnss_mdns4_minimal.so.2
7d3db4009000-7d3db400a000 r--p 00003000 00:2a 95224                      /usr/lib/x86_64-linux-gnu/libnss_mdns4_minimal.so.2
7d3db400a000-7d3db400b000 rw-p 00004000 00:2a 95224                      /usr/lib/x86_64-linux-gnu/libnss_mdns4_minimal.so.2
7d3db400b000-7d3db400d000 r--p 00000000 00:2a 334317                     /home/juliapod23/.vscode/extensions/redhat.java-1.13.0-linux-x64/jre/17.0.5-linux-x86_64/lib/libmanagement_ext.so
7d3db400d000-7d3db4010000 r-xp 00002000 00:2a 334317                     /home/juliapod23/.vscode/extensions/redhat.java-1.13.0-linux-x64/jre/17.0.5-linux-x86_64/lib/libmanagement_ext.so
7d3db4010000-7d3db4011000 r--p 00005000 00:2a 334317                     /home/juliapod23/.vscode/extensions/redhat.java-1.13.0-linux-x64/jre/17.0.5-linux-x86_64/lib/libmanagement_ext.so
7d3db4011000-7d3db4012000 ---p 00006000 00:2a 334317                     /home/juliapod23/.vscode/extensions/redhat.java-1.13.0-linux-x64/jre/17.0.5-linux-x86_64/lib/libmanagement_ext.so
7d3db4012000-7d3db4013000 r--p 00006000 00:2a 334317                     /home/juliapod23/.vscode/extensions/redhat.java-1.13.0-linux-x64/jre/17.0.5-linux-x86_64/lib/libmanagement_ext.so
7d3db4013000-7d3db4014000 rw-p 00007000 00:2a 334317                     /home/juliapod23/.vscode/extensions/redhat.java-1.13.0-linux-x64/jre/17.0.5-linux-x86_64/lib/libmanagement_ext.so
7d3db4014000-7d3db4017000 r--p 00000000 00:2a 334318                     /home/juliapod23/.vscode/extensions/redhat.java-1.13.0-linux-x64/jre/17.0.5-linux-x86_64/lib/libmanagement.so
7d3db4017000-7d3db4018000 r-xp 00003000 00:2a 334318                     /home/juliapod23/.vscode/extensions/redhat.java-1.13.0-linux-x64/jre/17.0.5-linux-x86_64/lib/libmanagement.so
7d3db4018000-7d3db4019000 r--p 00004000 00:2a 334318                     /home/juliapod23/.vscode/extensions/redhat.java-1.13.0-linux-x64/jre/17.0.5-linux-x86_64/lib/libmanagement.so
7d3db4019000-7d3db401a000 r--p 00004000 00:2a 334318                     /home/juliapod23/.vscode/extensions/redhat.java-1.13.0-linux-x64/jre/17.0.5-linux-x86_64/lib/libmanagement.so
7d3db401a000-7d3db401b000 rw-p 00005000 00:2a 334318                     /home/juliapod23/.vscode/extensions/redhat.java-1.13.0-linux-x64/jre/17.0.5-linux-x86_64/lib/libmanagement.so
7d3db401b000-7d3db401f000 ---p 00000000 00:00 0 
7d3db401f000-7d3db403d000 rw-p 00000000 00:00 0 
7d3db403d000-7d3db4041000 r--p 00000000 00:2a 334327                     /home/juliapod23/.vscode/extensions/redhat.java-1.13.0-linux-x64/jre/17.0.5-linux-x86_64/lib/libverify.so
7d3db4041000-7d3db4048000 r-xp 00004000 00:2a 334327                     /home/juliapod23/.vscode/extensions/redhat.java-1.13.0-linux-x64/jre/17.0.5-linux-x86_64/lib/libverify.so
7d3db4048000-7d3db404a000 r--p 0000b000 00:2a 334327                     /home/juliapod23/.vscode/extensions/redhat.java-1.13.0-linux-x64/jre/17.0.5-linux-x86_64/lib/libverify.so
7d3db404a000-7d3db404c000 r--p 0000c000 00:2a 334327                     /home/juliapod23/.vscode/extensions/redhat.java-1.13.0-linux-x64/jre/17.0.5-linux-x86_64/lib/libverify.so
7d3db404c000-7d3db404d000 rw-p 0000e000 00:2a 334327                     /home/juliapod23/.vscode/extensions/redhat.java-1.13.0-linux-x64/jre/17.0.5-linux-x86_64/lib/libverify.so
7d3db404d000-7d3db4051000 r--p 00000000 00:2a 334320                     /home/juliapod23/.vscode/extensions/redhat.java-1.13.0-linux-x64/jre/17.0.5-linux-x86_64/lib/libnet.so
7d3db4051000-7d3db405f000 r-xp 00004000 00:2a 334320                     /home/juliapod23/.vscode/extensions/redhat.java-1.13.0-linux-x64/jre/17.0.5-linux-x86_64/lib/libnet.so
7d3db405f000-7d3db4063000 r--p 00012000 00:2a 334320                     /home/juliapod23/.vscode/extensions/redhat.java-1.13.0-linux-x64/jre/17.0.5-linux-x86_64/lib/libnet.so
7d3db4063000-7d3db4064000 r--p 00015000 00:2a 334320                     /home/juliapod23/.vscode/extensions/redhat.java-1.13.0-linux-x64/jre/17.0.5-linux-x86_64/lib/libnet.so
7d3db4064000-7d3db4065000 rw-p 00016000 00:2a 334320                     /home/juliapod23/.vscode/extensions/redhat.java-1.13.0-linux-x64/jre/17.0.5-linux-x86_64/lib/libnet.so
7d3db4065000-7d3db406c000 r--p 00000000 00:2a 334321                     /home/juliapod23/.vscode/extensions/redhat.java-1.13.0-linux-x64/jre/17.0.5-linux-x86_64/lib/libnio.so
7d3db406c000-7d3db4075000 r-xp 00007000 00:2a 334321                     /home/juliapod23/.vscode/extensions/redhat.java-1.13.0-linux-x64/jre/17.0.5-linux-x86_64/lib/libnio.so
7d3db4075000-7d3db4079000 r--p 00010000 00:2a 334321                     /home/juliapod23/.vscode/extensions/redhat.java-1.13.0-linux-x64/jre/17.0.5-linux-x86_64/lib/libnio.so
7d3db4079000-7d3db407a000 ---p 00014000 00:2a 334321                     /home/juliapod23/.vscode/extensions/redhat.java-1.13.0-linux-x64/jre/17.0.5-linux-x86_64/lib/libnio.so
7d3db407a000-7d3db407b000 r--p 00014000 00:2a 334321                     /home/juliapod23/.vscode/extensions/redhat.java-1.13.0-linux-x64/jre/17.0.5-linux-x86_64/lib/libnio.so
7d3db407b000-7d3db407c000 rw-p 00015000 00:2a 334321                     /home/juliapod23/.vscode/extensions/redhat.java-1.13.0-linux-x64/jre/17.0.5-linux-x86_64/lib/libnio.so
7d3db407c000-7d3db407e000 r--p 00000000 00:2a 334328                     /home/juliapod23/.vscode/extensions/redhat.java-1.13.0-linux-x64/jre/17.0.5-linux-x86_64/lib/libzip.so
7d3db407e000-7d3db4082000 r-xp 00002000 00:2a 334328                     /home/juliapod23/.vscode/extensions/redhat.java-1.13.0-linux-x64/jre/17.0.5-linux-x86_64/lib/libzip.so
7d3db4082000-7d3db4084000 r--p 00006000 00:2a 334328                     /home/juliapod23/.vscode/extensions/redhat.java-1.13.0-linux-x64/jre/17.0.5-linux-x86_64/lib/libzip.so
7d3db4084000-7d3db4085000 r--p 00007000 00:2a 334328                     /home/juliapod23/.vscode/extensions/redhat.java-1.13.0-linux-x64/jre/17.0.5-linux-x86_64/lib/libzip.so
7d3db4085000-7d3db4086000 rw-p 00008000 00:2a 334328                     /home/juliapod23/.vscode/extensions/redhat.java-1.13.0-linux-x64/jre/17.0.5-linux-x86_64/lib/libzip.so
7d3db4086000-7d3db4276000 rw-p 00000000 00:00 0 
7d3db4276000-7d3db430d000 ---p 00000000 00:00 0 
7d3db430d000-7d3db430e000 ---p 00000000 00:00 0 
7d3db430e000-7d3db44ce000 rw-p 00000000 00:00 0 
7d3db44ce000-7d3db4564000 ---p 00000000 00:00 0 
7d3db4564000-7d3db4581000 rw-p 00000000 00:00 0 
7d3db4581000-7d3db460f000 ---p 00000000 00:00 0 
7d3db460f000-7d3db4617000 rw-p 00000000 00:00 0 
7d3db4617000-7d3db46fb000 ---p 00000000 00:00 0 
7d3db46fb000-7d3db471d000 rw-p 00000000 00:00 0 
7d3db471d000-7d3db47e6000 ---p 00000000 00:00 0 
7d3db47e6000-7d3db47e9000 r--p 00000000 00:2a 40365                      /usr/lib/x86_64-linux-gnu/libnss_files-2.31.so
7d3db47e9000-7d3db47f0000 r-xp 00003000 00:2a 40365                      /usr/lib/x86_64-linux-gnu/libnss_files-2.31.so
7d3db47f0000-7d3db47f2000 r--p 0000a000 00:2a 40365                      /usr/lib/x86_64-linux-gnu/libnss_files-2.31.so
7d3db47f2000-7d3db47f3000 r--p 0000b000 00:2a 40365                      /usr/lib/x86_64-linux-gnu/libnss_files-2.31.so
7d3db47f3000-7d3db47f4000 rw-p 0000c000 00:2a 40365                      /usr/lib/x86_64-linux-gnu/libnss_files-2.31.so
7d3db47f4000-7d3db47ff000 rw-p 00000000 00:00 0 
7d3db47ff000-7d3db4806000 ---p 00000000 00:00 0 
7d3db4806000-7d3db480e000 rw-s 00000000 00:2a 335672                     /tmp/hsperfdata_juliapod23/1913
7d3db480e000-7d3db481b000 r--p 00000000 00:2a 334306                     /home/juliapod23/.vscode/extensions/redhat.java-1.13.0-linux-x64/jre/17.0.5-linux-x86_64/lib/libjava.so
7d3db481b000-7d3db482d000 r-xp 0000d000 00:2a 334306                     /home/juliapod23/.vscode/extensions/redhat.java-1.13.0-linux-x64/jre/17.0.5-linux-x86_64/lib/libjava.so
7d3db482d000-7d3db4833000 r--p 0001f000 00:2a 334306                     /home/juliapod23/.vscode/extensions/redhat.java-1.13.0-linux-x64/jre/17.0.5-linux-x86_64/lib/libjava.so
7d3db4833000-7d3db4834000 ---p 00025000 00:2a 334306                     /home/juliapod23/.vscode/extensions/redhat.java-1.13.0-linux-x64/jre/17.0.5-linux-x86_64/lib/libjava.so
7d3db4834000-7d3db4835000 r--p 00025000 00:2a 334306                     /home/juliapod23/.vscode/extensions/redhat.java-1.13.0-linux-x64/jre/17.0.5-linux-x86_64/lib/libjava.so
7d3db4835000-7d3db4836000 rw-p 00026000 00:2a 334306                     /home/juliapod23/.vscode/extensions/redhat.java-1.13.0-linux-x64/jre/17.0.5-linux-x86_64/lib/libjava.so
7d3db4836000-7d3db4837000 rw-p 00000000 00:00 0 
7d3db4837000-7d3db483b000 r--p 00000000 00:2a 334311                     /home/juliapod23/.vscode/extensions/redhat.java-1.13.0-linux-x64/jre/17.0.5-linux-x86_64/lib/libjimage.so
7d3db483b000-7d3db484e000 r-xp 00004000 00:2a 334311                     /home/juliapod23/.vscode/extensions/redhat.java-1.13.0-linux-x64/jre/17.0.5-linux-x86_64/lib/libjimage.so
7d3db484e000-7d3db4854000 r--p 00017000 00:2a 334311                     /home/juliapod23/.vscode/extensions/redhat.java-1.13.0-linux-x64/jre/17.0.5-linux-x86_64/lib/libjimage.so
7d3db4854000-7d3db4856000 r--p 0001c000 00:2a 334311                     /home/juliapod23/.vscode/extensions/redhat.java-1.13.0-linux-x64/jre/17.0.5-linux-x86_64/lib/libjimage.so
7d3db4856000-7d3db4857000 rw-p 0001e000 00:2a 334311                     /home/juliapod23/.vscode/extensions/redhat.java-1.13.0-linux-x64/jre/17.0.5-linux-x86_64/lib/libjimage.so
7d3db4857000-7d3db485b000 ---p 00000000 00:00 0 
7d3db485b000-7d3db4958000 rw-p 00000000 00:00 0 
7d3db4958000-7d3db4965000 r--p 00000000 00:2a 40359                      /usr/lib/x86_64-linux-gnu/libm-2.31.so
7d3db4965000-7d3db49ff000 r-xp 0000d000 00:2a 40359                      /usr/lib/x86_64-linux-gnu/libm-2.31.so
7d3db49ff000-7d3db4a9a000 r--p 000a7000 00:2a 40359                      /usr/lib/x86_64-linux-gnu/libm-2.31.so
7d3db4a9a000-7d3db4a9b000 r--p 00141000 00:2a 40359                      /usr/lib/x86_64-linux-gnu/libm-2.31.so
7d3db4a9b000-7d3db4a9c000 rw-p 00142000 00:2a 40359                      /usr/lib/x86_64-linux-gnu/libm-2.31.so
7d3db4a9c000-7d3db4a9e000 r--p 00000000 00:2a 40370                      /usr/lib/x86_64-linux-gnu/librt-2.31.so
7d3db4a9e000-7d3db4aa2000 r-xp 00002000 00:2a 40370                      /usr/lib/x86_64-linux-gnu/librt-2.31.so
7d3db4aa2000-7d3db4aa4000 r--p 00006000 00:2a 40370                      /usr/lib/x86_64-linux-gnu/librt-2.31.so
7d3db4aa4000-7d3db4aa5000 r--p 00007000 00:2a 40370                      /usr/lib/x86_64-linux-gnu/librt-2.31.so
7d3db4aa5000-7d3db4aa6000 rw-p 00008000 00:2a 40370                      /usr/lib/x86_64-linux-gnu/librt-2.31.so
7d3db4aa6000-7d3db4cf8000 r--p 00000000 00:2a 334384                     /home/juliapod23/.vscode/extensions/redhat.java-1.13.0-linux-x64/jre/17.0.5-linux-x86_64/lib/server/libjvm.so
7d3db4cf8000-7d3db5a11000 r-xp 00252000 00:2a 334384                     /home/juliapod23/.vscode/extensions/redhat.java-1.13.0-linux-x64/jre/17.0.5-linux-x86_64/lib/server/libjvm.so
7d3db5a11000-7d3db5c9c000 r--p 00f6b000 00:2a 334384                     /home/juliapod23/.vscode/extensions/redhat.java-1.13.0-linux-x64/jre/17.0.5-linux-x86_64/lib/server/libjvm.so
7d3db5c9c000-7d3db5c9d000 ---p 011f6000 00:2a 334384                     /home/juliapod23/.vscode/extensions/redhat.java-1.13.0-linux-x64/jre/17.0.5-linux-x86_64/lib/server/libjvm.so
7d3db5c9d000-7d3db5d56000 r--p 011f6000 00:2a 334384                     /home/juliapod23/.vscode/extensions/redhat.java-1.13.0-linux-x64/jre/17.0.5-linux-x86_64/lib/server/libjvm.so
7d3db5d56000-7d3db5d8b000 rw-p 012af000 00:2a 334384                     /home/juliapod23/.vscode/extensions/redhat.java-1.13.0-linux-x64/jre/17.0.5-linux-x86_64/lib/server/libjvm.so
7d3db5d8b000-7d3db5de7000 rw-p 00000000 00:00 0 
7d3db5de7000-7d3db5e09000 r--p 00000000 00:2a 40357                      /usr/lib/x86_64-linux-gnu/libc-2.31.so
7d3db5e09000-7d3db5f63000 r-xp 00022000 00:2a 40357                      /usr/lib/x86_64-linux-gnu/libc-2.31.so
7d3db5f63000-7d3db5fb2000 r--p 0017c000 00:2a 40357                      /usr/lib/x86_64-linux-gnu/libc-2.31.so
7d3db5fb2000-7d3db5fb6000 r--p 001ca000 00:2a 40357                      /usr/lib/x86_64-linux-gnu/libc-2.31.so
7d3db5fb6000-7d3db5fb8000 rw-p 001ce000 00:2a 40357                      /usr/lib/x86_64-linux-gnu/libc-2.31.so
7d3db5fb8000-7d3db5fbc000 rw-p 00000000 00:00 0 
7d3db5fbc000-7d3db5fbd000 r--p 00000000 00:2a 40358                      /usr/lib/x86_64-linux-gnu/libdl-2.31.so
7d3db5fbd000-7d3db5fbf000 r-xp 00001000 00:2a 40358                      /usr/lib/x86_64-linux-gnu/libdl-2.31.so
7d3db5fbf000-7d3db5fc0000 r--p 00003000 00:2a 40358                      /usr/lib/x86_64-linux-gnu/libdl-2.31.so
7d3db5fc0000-7d3db5fc1000 r--p 00003000 00:2a 40358                      /usr/lib/x86_64-linux-gnu/libdl-2.31.so
7d3db5fc1000-7d3db5fc2000 rw-p 00004000 00:2a 40358                      /usr/lib/x86_64-linux-gnu/libdl-2.31.so
7d3db5fc2000-7d3db5fc8000 r--p 00000000 00:2a 40368                      /usr/lib/x86_64-linux-gnu/libpthread-2.31.so
7d3db5fc8000-7d3db5fd8000 r-xp 00006000 00:2a 40368                      /usr/lib/x86_64-linux-gnu/libpthread-2.31.so
7d3db5fd8000-7d3db5fde000 r--p 00016000 00:2a 40368                      /usr/lib/x86_64-linux-gnu/libpthread-2.31.so
7d3db5fde000-7d3db5fdf000 r--p 0001b000 00:2a 40368                      /usr/lib/x86_64-linux-gnu/libpthread-2.31.so
7d3db5fdf000-7d3db5fe0000 rw-p 0001c000 00:2a 40368                      /usr/lib/x86_64-linux-gnu/libpthread-2.31.so
7d3db5fe0000-7d3db5fe4000 rw-p 00000000 00:00 0 
7d3db5fe4000-7d3db5fe7000 r--p 00000000 00:2a 334312                     /home/juliapod23/.vscode/extensions/redhat.java-1.13.0-linux-x64/jre/17.0.5-linux-x86_64/lib/libjli.so
7d3db5fe7000-7d3db5ff1000 r-xp 00003000 00:2a 334312                     /home/juliapod23/.vscode/extensions/redhat.java-1.13.0-linux-x64/jre/17.0.5-linux-x86_64/lib/libjli.so
7d3db5ff1000-7d3db5ff4000 r--p 0000d000 00:2a 334312                     /home/juliapod23/.vscode/extensions/redhat.java-1.13.0-linux-x64/jre/17.0.5-linux-x86_64/lib/libjli.so
7d3db5ff4000-7d3db5ff5000 ---p 00010000 00:2a 334312                     /home/juliapod23/.vscode/extensions/redhat.java-1.13.0-linux-x64/jre/17.0.5-linux-x86_64/lib/libjli.so
7d3db5ff5000-7d3db5ff6000 r--p 00010000 00:2a 334312                     /home/juliapod23/.vscode/extensions/redhat.java-1.13.0-linux-x64/jre/17.0.5-linux-x86_64/lib/libjli.so
7d3db5ff6000-7d3db5ff7000 rw-p 00011000 00:2a 334312                     /home/juliapod23/.vscode/extensions/redhat.java-1.13.0-linux-x64/jre/17.0.5-linux-x86_64/lib/libjli.so
7d3db5ff7000-7d3db5ffa000 r--p 00000000 00:2a 42547                      /usr/lib/x86_64-linux-gnu/libz.so.1.2.11
7d3db5ffa000-7d3db600b000 r-xp 00003000 00:2a 42547                      /usr/lib/x86_64-linux-gnu/libz.so.1.2.11
7d3db600b000-7d3db6011000 r--p 00014000 00:2a 42547                      /usr/lib/x86_64-linux-gnu/libz.so.1.2.11
7d3db6011000-7d3db6012000 ---p 0001a000 00:2a 42547                      /usr/lib/x86_64-linux-gnu/libz.so.1.2.11
7d3db6012000-7d3db6013000 r--p 0001a000 00:2a 42547                      /usr/lib/x86_64-linux-gnu/libz.so.1.2.11
7d3db6013000-7d3db6014000 rw-p 0001b000 00:2a 42547                      /usr/lib/x86_64-linux-gnu/libz.so.1.2.11
7d3db6014000-7d3db6015000 r--p 00000000 00:2a 334299                     /home/juliapod23/.vscode/extensions/redhat.java-1.13.0-linux-x64/jre/17.0.5-linux-x86_64/lib/libextnet.so
7d3db6015000-7d3db6016000 r-xp 00001000 00:2a 334299                     /home/juliapod23/.vscode/extensions/redhat.java-1.13.0-linux-x64/jre/17.0.5-linux-x86_64/lib/libextnet.so
7d3db6016000-7d3db6017000 r--p 00002000 00:2a 334299                     /home/juliapod23/.vscode/extensions/redhat.java-1.13.0-linux-x64/jre/17.0.5-linux-x86_64/lib/libextnet.so
7d3db6017000-7d3db6018000 r--p 00002000 00:2a 334299                     /home/juliapod23/.vscode/extensions/redhat.java-1.13.0-linux-x64/jre/17.0.5-linux-x86_64/lib/libextnet.so
7d3db6018000-7d3db6019000 rw-p 00003000 00:2a 334299                     /home/juliapod23/.vscode/extensions/redhat.java-1.13.0-linux-x64/jre/17.0.5-linux-x86_64/lib/libextnet.so
7d3db6019000-7d3db601b000 r--p 00000000 00:2a 334301                     /home/juliapod23/.vscode/extensions/redhat.java-1.13.0-linux-x64/jre/17.0.5-linux-x86_64/lib/libinstrument.so
7d3db601b000-7d3db6021000 r-xp 00002000 00:2a 334301                     /home/juliapod23/.vscode/extensions/redhat.java-1.13.0-linux-x64/jre/17.0.5-linux-x86_64/lib/libinstrument.so
7d3db6021000-7d3db6024000 r--p 00008000 00:2a 334301                     /home/juliapod23/.vscode/extensions/redhat.java-1.13.0-linux-x64/jre/17.0.5-linux-x86_64/lib/libinstrument.so
7d3db6024000-7d3db6025000 r--p 0000a000 00:2a 334301                     /home/juliapod23/.vscode/extensions/redhat.java-1.13.0-linux-x64/jre/17.0.5-linux-x86_64/lib/libinstrument.so
7d3db6025000-7d3db6026000 rw-p 0000b000 00:2a 334301                     /home/juliapod23/.vscode/extensions/redhat.java-1.13.0-linux-x64/jre/17.0.5-linux-x86_64/lib/libinstrument.so
7d3db6026000-7d3db6027000 ---p 00000000 00:00 0 
7d3db6027000-7d3db6028000 r--p 00000000 00:00 0 
7d3db6028000-7d3db602a000 rw-p 00000000 00:00 0 
7d3db602a000-7d3db602b000 r--p 00000000 00:2a 40353                      /usr/lib/x86_64-linux-gnu/ld-2.31.so
7d3db602b000-7d3db604b000 r-xp 00001000 00:2a 40353                      /usr/lib/x86_64-linux-gnu/ld-2.31.so
7d3db604b000-7d3db6053000 r--p 00021000 00:2a 40353                      /usr/lib/x86_64-linux-gnu/ld-2.31.so
7d3db6053000-7d3db6054000 ---p 00000000 00:00 0 
7d3db6054000-7d3db6055000 r--p 00029000 00:2a 40353                      /usr/lib/x86_64-linux-gnu/ld-2.31.so
7d3db6055000-7d3db6056000 rw-p 0002a000 00:2a 40353                      /usr/lib/x86_64-linux-gnu/ld-2.31.so
7d3db6056000-7d3db6057000 rw-p 00000000 00:00 0 
7ffcdb9a2000-7ffcdb9c3000 rw-p 00000000 00:00 0                          [stack]
7ffcdb9d3000-7ffcdb9d7000 r--p 00000000 00:00 0                          [vvar]
7ffcdb9d7000-7ffcdb9d9000 r-xp 00000000 00:00 0                          [vdso]
ffffffffff600000-ffffffffff601000 --xp 00000000 00:00 0                  [vsyscall]


VM Arguments:
jvm_args: --add-modules=ALL-SYSTEM --add-opens=java.base/java.util=ALL-UNNAMED --add-opens=java.base/java.lang=ALL-UNNAMED --add-opens=java.base/sun.nio.fs=ALL-UNNAMED -Declipse.application=org.eclipse.jdt.ls.core.id1 -Dosgi.bundles.defaultStartLevel=4 -Declipse.product=org.eclipse.jdt.ls.core.product -Djava.import.generatesMetadataFilesAtProjectRoot=false -Dfile.encoding=utf8 -XX:+UseParallelGC -XX:GCTimeRatio=4 -XX:AdaptiveSizePolicyWeight=90 -Dsun.zip.disableMemoryMapping=true -Xmx1G -Xms100m -Xlog:disable -javaagent:/home/juliapod23/.vscode/extensions/redhat.java-1.13.0-linux-x64/lombok/lombok-1.18.24.jar -XX:+HeapDumpOnOutOfMemoryError -XX:HeapDumpPath=/home/juliapod23/.config/Code/User/workspaceStorage/3f260cc9c3aa8b1bb48e4709bbff68ce/redhat.java 
java_command: /home/juliapod23/.vscode/extensions/redhat.java-1.13.0-linux-x64/server/plugins/org.eclipse.equinox.launcher_1.6.400.v20210924-0641.jar -configuration /home/juliapod23/.config/Code/User/globalStorage/redhat.java/1.13.0/config_linux -data /home/juliapod23/.config/Code/User/workspaceStorage/3f260cc9c3aa8b1bb48e4709bbff68ce/redhat.java/jdt_ws
java_class_path (initial): /home/juliapod23/.vscode/extensions/redhat.java-1.13.0-linux-x64/server/plugins/org.eclipse.equinox.launcher_1.6.400.v20210924-0641.jar
Launcher Type: SUN_STANDARD

[Global flags]
    uintx AdaptiveSizePolicyWeight                 = 90                                        {product} {command line}
     intx CICompilerCount                          = 3                                         {product} {ergonomic}
    uintx GCTimeRatio                              = 4                                         {product} {command line}
     bool HeapDumpOnOutOfMemoryError               = true                                   {manageable} {command line}
    ccstr HeapDumpPath                             = /home/juliapod23/.config/Code/User/workspaceStorage/3f260cc9c3aa8b1bb48e4709bbff68ce/redhat.java         {manageable} {command line}
   size_t InitialHeapSize                          = 104857600                                 {product} {command line}
   size_t MaxHeapSize                              = 1073741824                                {product} {command line}
   size_t MaxNewSize                               = 357564416                                 {product} {ergonomic}
   size_t MinHeapDeltaBytes                        = 524288                                    {product} {ergonomic}
   size_t MinHeapSize                              = 104857600                                 {product} {command line}
   size_t NewSize                                  = 34603008                                  {product} {ergonomic}
    uintx NonNMethodCodeHeapSize                   = 5832780                                {pd product} {ergonomic}
    uintx NonProfiledCodeHeapSize                  = 122912730                              {pd product} {ergonomic}
   size_t OldSize                                  = 70254592                                  {product} {ergonomic}
    uintx ProfiledCodeHeapSize                     = 122912730                              {pd product} {ergonomic}
    uintx ReservedCodeCacheSize                    = 251658240                              {pd product} {ergonomic}
     bool SegmentedCodeCache                       = true                                      {product} {ergonomic}
   size_t SoftMaxHeapSize                          = 1073741824                             {manageable} {ergonomic}
     bool UseCompressedClassPointers               = true                           {product lp64_product} {ergonomic}
     bool UseCompressedOops                        = true                           {product lp64_product} {ergonomic}
     bool UseParallelGC                            = true                                      {product} {command line}

Logging:
Log output configuration:
 #0: stdout all=off uptime,level,tags
 #1: stderr all=off uptime,level,tags

Environment Variables:
PATH=/usr/local/bin:/usr/bin:/bin:/usr/local/games:/usr/games
SHELL=/bin/bash
DISPLAY=:0
LANG=en_US.UTF-8

Signal Handlers:
   SIGSEGV: crash_handler in libjvm.so, mask=11100100010111111101111111111110, flags=SA_RESTART|SA_SIGINFO
    SIGBUS: crash_handler in libjvm.so, mask=11100100010111111101111111111110, flags=SA_RESTART|SA_SIGINFO
    SIGFPE: crash_handler in libjvm.so, mask=11100100010111111101111111111110, flags=SA_RESTART|SA_SIGINFO
   SIGPIPE: javaSignalHandler in libjvm.so, mask=11100100010111111101111111111110, flags=SA_RESTART|SA_SIGINFO
   SIGXFSZ: javaSignalHandler in libjvm.so, mask=11100100010111111101111111111110, flags=SA_RESTART|SA_SIGINFO
    SIGILL: crash_handler in libjvm.so, mask=11100100010111111101111111111110, flags=SA_RESTART|SA_SIGINFO
   SIGUSR2: SR_handler in libjvm.so, mask=00000000000000000000000000000000, flags=SA_RESTART|SA_SIGINFO
    SIGHUP: UserHandler in libjvm.so, mask=11100100010111111101111111111110, flags=SA_RESTART|SA_SIGINFO
    SIGINT: UserHandler in libjvm.so, mask=11100100010111111101111111111110, flags=SA_RESTART|SA_SIGINFO
   SIGTERM: UserHandler in libjvm.so, mask=11100100010111111101111111111110, flags=SA_RESTART|SA_SIGINFO
   SIGQUIT: UserHandler in libjvm.so, mask=11100100010111111101111111111110, flags=SA_RESTART|SA_SIGINFO
  *** Handler was modified!
  *** Expected: javaSignalHandler in libjvm.so, mask=11100100110111111111111111111110, flags=SA_RESTART|SA_SIGINFO
   SIGTRAP: crash_handler in libjvm.so, mask=11100100010111111101111111111110, flags=SA_RESTART|SA_SIGINFO


---------------  S Y S T E M  ---------------

OS:
PRETTY_NAME="Debian GNU/Linux 11 (bullseye)"
NAME="Debian GNU/Linux"
VERSION_ID="11"
VERSION="11 (bullseye)"
VERSION_CODENAME=bullseye
ID=debian
HOME_URL="https://www.debian.org/"
SUPPORT_URL="https://www.debian.org/support"
BUG_REPORT_URL="https://bugs.debian.org/"
uname: Linux 5.10.114-16025-ge75506b9d98e #1 SMP PREEMPT Sat Jul 16 18:54:29 PDT 2022 x86_64
OS uptime: 0 days 0:15 hours
libc: glibc 2.31 NPTL 2.31 
rlimit (soft/hard): STACK 8192k/infinity , CORE 0k/infinity , NPROC 11322/11322 , NOFILE 1048576/1048576 , AS infinity/infinity , CPU infinity/infinity , DATA infinity/infinity , FSIZE infinity/infinity , MEMLOCK infinity/infinity
load average: 0.62 1.84 1.41

/proc/meminfo:
MemTotal:        2903384 kB
MemFree:         2875636 kB
MemAvailable:    2898604 kB
Buffers:               0 kB
Cached:            22968 kB
SwapCached:            0 kB
Active:            19132 kB
Inactive:           6536 kB
Active(anon):          0 kB
Inactive(anon):     3168 kB
Active(file):      19132 kB
Inactive(file):     3368 kB
Unevictable:         132 kB
Mlocked:               0 kB
SwapTotal:             0 kB
SwapFree:              0 kB
Dirty:               440 kB
Writeback:             0 kB
AnonPages:       1069328 kB
Mapped:           441208 kB
Shmem:                 0 kB
KReclaimable:      48196 kB
Slab:               0 kB
SReclaimable:          0 kB
SUnreclaim:            0 kB
KernelStack:        5856 kB
PageTables:        12388 kB
NFS_Unstable:          0 kB
Bounce:                0 kB
WritebackTmp:          0 kB
CommitLimit:     1451692 kB
Committed_AS:    3698956 kB
VmallocTotal:   34359738367 kB
VmallocUsed:        7576 kB
VmallocChunk:          0 kB
Percpu:             1776 kB
AnonHugePages:         0 kB
ShmemHugePages:        0 kB
ShmemPmdMapped:        0 kB
FileHugePages:         0 kB
FilePmdMapped:         0 kB
HugePages_Total:       0
HugePages_Free:        0
HugePages_Rsvd:        0
HugePages_Surp:        0
Hugepagesize:       2048 kB
Hugetlb:               0 kB
DirectMap4k:      151552 kB
DirectMap2M:     3258368 kB

/sys/kernel/mm/transparent_hugepage/enabled: always [madvise] never
/sys/kernel/mm/transparent_hugepage/defrag (defrag/compaction efforts parameter): always defer defer+madvise [madvise] never

Process Memory:
Virtual Size: 4820704K (peak: 4883568K)
Resident Set Size: 803116K (peak: 819688K) (anon: 635004K, file: 168112K, shmem: 0K)
Swapped out: 0K
C-Heap outstanding allocations: 51297K, retained: 83774K
glibc malloc tunables: (default)

/proc/sys/kernel/threads-max (system-wide limit on the number of threads): 22644
/proc/sys/vm/max_map_count (maximum number of memory map areas a process may have): 262144
/proc/sys/kernel/pid_max (system-wide limit on number of process identifiers): 32768

container (cgroup) information:
container_type: cgroupv1
cpu_cpuset_cpus: 0-3
cpu_memory_nodes: 0
active_processor_count: 4
cpu_quota: no quota
cpu_period: 100000
cpu_shares: no shares
memory_limit_in_bytes: unlimited
memory_and_swap_limit_in_bytes: not supported
memory_soft_limit_in_bytes: unlimited
memory_usage_in_bytes: 1929352 k
memory_max_usage_in_bytes: 2086456 k
maximum number of tasks: unlimited
current number of tasks: 177

KVM virtualization detected
Steal ticks since vm start: 16291
Steal ticks percentage since vm start:  0.127

CPU: total 4 (initial active 4) (4 cores per cpu, 1 threads per core) family 6 model 76 stepping 4 microcode 0x1, cx8, cmov, fxsr, mmx, 3dnowpref, sse, sse2, sse3, ssse3, sse4.1, sse4.2, popcnt, tsc, tscinvbit, aes, erms, clmul, clflush, hv
CPU Model and flags from /proc/cpuinfo:
model name	: Intel(R) Celeron(R) CPU  N3160  @ 1.60GHz
flags		: fpu vme de pse tsc msr pae mce cx8 apic sep mtrr pge mca cmov pat pse36 clflush mmx fxsr sse sse2 ss ht syscall nx rdtscp lm constant_tsc arch_perfmon rep_good nopl xtopology nonstop_tsc cpuid tsc_known_freq pni pclmulqdq vmx ssse3 cx16 sse4_1 sse4_2 x2apic movbe popcnt tsc_deadline_timer aes rdrand hypervisor lahf_lm 3dnowprefetch cpuid_fault pti ibrs ibpb stibp tpr_shadow vnmi flexpriority ept vpid tsc_adjust smep erms arat umip md_clear arch_capabilities

Online cpus: 0-3
Offline cpus: 
BIOS frequency limitation: <Not Available>
Frequency switch latency (ns): <Not Available>
Available cpu frequencies: <Not Available>
Current governor: <Not Available>
Core performance/turbo boost: <Not Available>

Memory: 4k page, physical 2903384k(134032k free), swap 0k(0k free)
Page Sizes: 4k

vm_info: OpenJDK 64-Bit Server VM (17.0.5+8) for linux-amd64 JRE (17.0.5+8), built on Oct 18 2022 00:00:00 by "temurin" with gcc 10.3.0

END.
